{"/home/travis/build/npmtest/node-npmtest-hot-shots/test.js":{"path":"/home/travis/build/npmtest/node-npmtest-hot-shots/test.js","s":{"1":2,"2":2,"3":2,"4":2,"5":2,"6":2,"7":2,"8":1,"9":2,"10":2,"11":1,"12":1,"13":1,"14":1,"15":2,"16":2,"17":2,"18":2,"19":1,"20":1,"21":2,"22":2,"23":2,"24":1,"25":1,"26":1,"27":1,"28":1,"29":1,"30":1,"31":1,"32":1,"33":1,"34":1,"35":1,"36":1,"37":1,"38":1,"39":2,"40":2,"41":1,"42":2,"43":2,"44":1,"45":2,"46":2,"47":1,"48":2,"49":2,"50":1,"51":1,"52":1,"53":1,"54":1},"b":{"1":[2,1,1,1],"2":[1,1,1,1],"3":[1,1],"4":[1,1],"5":[1,1],"6":[1,1],"7":[1,1],"8":[1,1],"9":[1,1],"10":[1,1,1],"11":[1,1],"12":[1,1],"13":[1,1],"14":[1,1],"15":[1,1],"16":[1,1],"17":[1,1]},"f":{"1":2,"2":2,"3":2,"4":2,"5":2,"6":1,"7":1,"8":1,"9":2,"10":2,"11":2,"12":2,"13":1},"fnMap":{"1":{"name":"(anonymous_1)","line":12,"loc":{"start":{"line":12,"column":1},"end":{"line":12,"column":13}}},"2":{"name":"(anonymous_2)","line":19,"loc":{"start":{"line":19,"column":5},"end":{"line":19,"column":17}}},"3":{"name":"(anonymous_3)","line":23,"loc":{"start":{"line":23,"column":24},"end":{"line":23,"column":36}}},"4":{"name":"(anonymous_4)","line":61,"loc":{"start":{"line":61,"column":5},"end":{"line":61,"column":17}}},"5":{"name":"(anonymous_5)","line":82,"loc":{"start":{"line":82,"column":5},"end":{"line":82,"column":17}}},"6":{"name":"(anonymous_6)","line":91,"loc":{"start":{"line":91,"column":77},"end":{"line":94,"column":10}}},"7":{"name":"(anonymous_7)","line":112,"loc":{"start":{"line":112,"column":83},"end":{"line":115,"column":10}},"skip":true},"8":{"name":"(anonymous_8)","line":123,"loc":{"start":{"line":123,"column":77},"end":{"line":126,"column":10}},"skip":true},"9":{"name":"(anonymous_9)","line":139,"loc":{"start":{"line":139,"column":12},"end":{"line":139,"column":40}},"skip":true},"10":{"name":"(anonymous_10)","line":147,"loc":{"start":{"line":147,"column":77},"end":{"line":150,"column":10}},"skip":true},"11":{"name":"(anonymous_11)","line":158,"loc":{"start":{"line":158,"column":83},"end":{"line":161,"column":10}},"skip":true},"12":{"name":"(anonymous_12)","line":169,"loc":{"start":{"line":169,"column":79},"end":{"line":172,"column":10}},"skip":true},"13":{"name":"(anonymous_13)","line":180,"loc":{"start":{"line":180,"column":75},"end":{"line":183,"column":10}},"skip":true}},"statementMap":{"1":{"start":{"line":12,"column":0},"end":{"line":195,"column":5}},"2":{"start":{"line":14,"column":4},"end":{"line":14,"column":14}},"3":{"start":{"line":19,"column":4},"end":{"line":56,"column":9}},"4":{"start":{"line":21,"column":8},"end":{"line":21,"column":19}},"5":{"start":{"line":23,"column":8},"end":{"line":35,"column":13}},"6":{"start":{"line":24,"column":12},"end":{"line":34,"column":13}},"7":{"start":{"line":25,"column":16},"end":{"line":28,"column":30}},"8":{"start":{"line":30,"column":16},"end":{"line":33,"column":27}},"9":{"start":{"line":37,"column":8},"end":{"line":39,"column":21}},"10":{"start":{"line":40,"column":8},"end":{"line":53,"column":9}},"11":{"start":{"line":43,"column":12},"end":{"line":46,"column":14}},"12":{"start":{"line":47,"column":12},"end":{"line":47,"column":18}},"13":{"start":{"line":50,"column":12},"end":{"line":51,"column":46}},"14":{"start":{"line":52,"column":12},"end":{"line":52,"column":18}},"15":{"start":{"line":55,"column":8},"end":{"line":55,"column":35}},"16":{"start":{"line":61,"column":4},"end":{"line":63,"column":9}},"17":{"start":{"line":62,"column":8},"end":{"line":62,"column":15}},"18":{"start":{"line":64,"column":4},"end":{"line":77,"column":5}},"19":{"start":{"line":70,"column":8},"end":{"line":70,"column":14}},"20":{"start":{"line":76,"column":8},"end":{"line":76,"column":14}},"21":{"start":{"line":82,"column":4},"end":{"line":84,"column":9}},"22":{"start":{"line":83,"column":8},"end":{"line":83,"column":15}},"23":{"start":{"line":85,"column":4},"end":{"line":194,"column":5}},"24":{"start":{"line":91,"column":8},"end":{"line":99,"column":10}},"25":{"start":{"line":98,"column":12},"end":{"line":98,"column":35}},"26":{"start":{"line":102,"column":8},"end":{"line":104,"column":63}},"27":{"start":{"line":105,"column":8},"end":{"line":105,"column":14}},"28":{"start":{"line":112,"column":8},"end":{"line":121,"column":10},"skip":true},"29":{"start":{"line":119,"column":12},"end":{"line":119,"column":55},"skip":true},"30":{"start":{"line":120,"column":12},"end":{"line":120,"column":48},"skip":true},"31":{"start":{"line":123,"column":8},"end":{"line":136,"column":10},"skip":true},"32":{"start":{"line":130,"column":12},"end":{"line":130,"column":76},"skip":true},"33":{"start":{"line":131,"column":12},"end":{"line":131,"column":73},"skip":true},"34":{"start":{"line":132,"column":12},"end":{"line":132,"column":74},"skip":true},"35":{"start":{"line":133,"column":12},"end":{"line":133,"column":79},"skip":true},"36":{"start":{"line":134,"column":12},"end":{"line":134,"column":25},"skip":true},"37":{"start":{"line":135,"column":12},"end":{"line":135,"column":45},"skip":true},"38":{"start":{"line":138,"column":8},"end":{"line":145,"column":14},"skip":true},"39":{"start":{"line":143,"column":16},"end":{"line":143,"column":29},"skip":true},"40":{"start":{"line":144,"column":16},"end":{"line":144,"column":55},"skip":true},"41":{"start":{"line":147,"column":8},"end":{"line":156,"column":10},"skip":true},"42":{"start":{"line":154,"column":12},"end":{"line":154,"column":25},"skip":true},"43":{"start":{"line":155,"column":12},"end":{"line":155,"column":45},"skip":true},"44":{"start":{"line":158,"column":8},"end":{"line":167,"column":10},"skip":true},"45":{"start":{"line":165,"column":12},"end":{"line":165,"column":25},"skip":true},"46":{"start":{"line":166,"column":12},"end":{"line":166,"column":48},"skip":true},"47":{"start":{"line":169,"column":8},"end":{"line":178,"column":10},"skip":true},"48":{"start":{"line":176,"column":12},"end":{"line":176,"column":25},"skip":true},"49":{"start":{"line":177,"column":12},"end":{"line":177,"column":46},"skip":true},"50":{"start":{"line":180,"column":8},"end":{"line":189,"column":10},"skip":true},"51":{"start":{"line":187,"column":12},"end":{"line":187,"column":94},"skip":true},"52":{"start":{"line":188,"column":12},"end":{"line":188,"column":48},"skip":true},"53":{"start":{"line":192,"column":8},"end":{"line":192,"column":35},"skip":true},"54":{"start":{"line":193,"column":8},"end":{"line":193,"column":14},"skip":true}},"branchMap":{"1":{"line":25,"type":"binary-expr","locations":[{"start":{"line":25,"column":23},"end":{"line":25,"column":62}},{"start":{"line":26,"column":20},"end":{"line":26,"column":70}},{"start":{"line":27,"column":20},"end":{"line":27,"column":71}},{"start":{"line":28,"column":20},"end":{"line":28,"column":29}}]},"2":{"line":30,"type":"binary-expr","locations":[{"start":{"line":30,"column":23},"end":{"line":30,"column":37}},{"start":{"line":31,"column":20},"end":{"line":31,"column":61}},{"start":{"line":32,"column":20},"end":{"line":32,"column":70}},{"start":{"line":33,"column":20},"end":{"line":33,"column":26}}]},"3":{"line":37,"type":"cond-expr","locations":[{"start":{"line":38,"column":14},"end":{"line":38,"column":20}},{"start":{"line":39,"column":14},"end":{"line":39,"column":20}}]},"4":{"line":40,"type":"switch","locations":[{"start":{"line":42,"column":8},"end":{"line":47,"column":18}},{"start":{"line":49,"column":8},"end":{"line":52,"column":18}}]},"5":{"line":44,"type":"binary-expr","locations":[{"start":{"line":44,"column":16},"end":{"line":44,"column":44}},{"start":{"line":44,"column":48},"end":{"line":44,"column":66}}]},"6":{"line":50,"type":"binary-expr","locations":[{"start":{"line":50,"column":21},"end":{"line":50,"column":49}},{"start":{"line":50,"column":53},"end":{"line":50,"column":72}}]},"7":{"line":64,"type":"switch","locations":[{"start":{"line":69,"column":4},"end":{"line":70,"column":14}},{"start":{"line":75,"column":4},"end":{"line":76,"column":14}}]},"8":{"line":85,"type":"switch","locations":[{"start":{"line":90,"column":4},"end":{"line":105,"column":14}},{"start":{"line":111,"column":4},"end":{"line":193,"column":14},"skip":true}]},"9":{"line":91,"type":"binary-expr","locations":[{"start":{"line":91,"column":42},"end":{"line":91,"column":73}},{"start":{"line":91,"column":77},"end":{"line":99,"column":9}}]},"10":{"line":102,"type":"binary-expr","locations":[{"start":{"line":102,"column":18},"end":{"line":102,"column":32}},{"start":{"line":103,"column":12},"end":{"line":103,"column":53}},{"start":{"line":104,"column":12},"end":{"line":104,"column":61}}]},"11":{"line":112,"type":"binary-expr","locations":[{"start":{"line":112,"column":45},"end":{"line":112,"column":79},"skip":true},{"start":{"line":112,"column":83},"end":{"line":121,"column":9},"skip":true}]},"12":{"line":123,"type":"binary-expr","locations":[{"start":{"line":123,"column":42},"end":{"line":123,"column":73},"skip":true},{"start":{"line":123,"column":77},"end":{"line":136,"column":9},"skip":true}]},"13":{"line":138,"type":"binary-expr","locations":[{"start":{"line":138,"column":48},"end":{"line":138,"column":85},"skip":true},{"start":{"line":139,"column":12},"end":{"line":145,"column":13},"skip":true}]},"14":{"line":147,"type":"binary-expr","locations":[{"start":{"line":147,"column":42},"end":{"line":147,"column":73},"skip":true},{"start":{"line":147,"column":77},"end":{"line":156,"column":9},"skip":true}]},"15":{"line":158,"type":"binary-expr","locations":[{"start":{"line":158,"column":45},"end":{"line":158,"column":79},"skip":true},{"start":{"line":158,"column":83},"end":{"line":167,"column":9},"skip":true}]},"16":{"line":169,"type":"binary-expr","locations":[{"start":{"line":169,"column":43},"end":{"line":169,"column":75},"skip":true},{"start":{"line":169,"column":79},"end":{"line":178,"column":9},"skip":true}]},"17":{"line":180,"type":"binary-expr","locations":[{"start":{"line":180,"column":41},"end":{"line":180,"column":71},"skip":true},{"start":{"line":180,"column":75},"end":{"line":189,"column":9},"skip":true}]}},"code":["/* istanbul instrument in package npmtest_hot_shots */","/*jslint","    bitwise: true,","    browser: true,","    maxerr: 8,","    maxlen: 96,","    node: true,","    nomen: true,","    regexp: true,","    stupid: true","*/","(function () {","    'use strict';","    var local;","","","","    // run shared js-env code - pre-init","    (function () {","        // init local","        local = {};","        // init modeJs","        local.modeJs = (function () {","            try {","                return typeof navigator.userAgent === 'string' &&","                    typeof document.querySelector('body') === 'object' &&","                    typeof XMLHttpRequest.prototype.open === 'function' &&","                    'browser';","            } catch (errorCaughtBrowser) {","                return module.exports &&","                    typeof process.versions.node === 'string' &&","                    typeof require('http').createServer === 'function' &&","                    'node';","            }","        }());","        // init global","        local.global = local.modeJs === 'browser'","            ? window","            : global;","        switch (local.modeJs) {","        // re-init local from window.local","        case 'browser':","            local = local.global.utility2.objectSetDefault(","                local.global.utility2_rollup || local.global.local,","                local.global.utility2","            );","            break;","        // re-init local from example.js","        case 'node':","            local = (local.global.utility2_rollup || require('utility2'))","                .requireExampleJsFromReadme();","            break;","        }","        // export local","        local.global.local = local;","    }());","","","","    // run shared js-env code - function","    (function () {","        return;","    }());","    switch (local.modeJs) {","","","","    // run browser js-env code - function","    case 'browser':","        break;","","","","    // run node js-env code - function","    case 'node':","        break;","    }","","","","    // run shared js-env code - post-init","    (function () {","        return;","    }());","    switch (local.modeJs) {","","","","    // run browser js-env code - post-init","    case 'browser':","        local.testCase_browser_nullCase = local.testCase_browser_nullCase || function (","            options,","            onError","        ) {","        /*","         * this function will test browsers's null-case handling-behavior-behavior","         */","            onError(null, options);","        };","","        // run tests","        local.nop(local.modeTest &&","            document.querySelector('#testRunButton1') &&","            document.querySelector('#testRunButton1').click());","        break;","","","","    // run node js-env code - post-init","    /* istanbul ignore next */","    case 'node':","        local.testCase_buildApidoc_default = local.testCase_buildApidoc_default || function (","            options,","            onError","        ) {","        /*","         * this function will test buildApidoc's default handling-behavior-behavior","         */","            options = { modulePathList: module.paths };","            local.buildApidoc(options, onError);","        };","","        local.testCase_buildApp_default = local.testCase_buildApp_default || function (","            options,","            onError","        ) {","        /*","         * this function will test buildApp's default handling-behavior-behavior","         */","            local.testCase_buildReadme_default(options, local.onErrorThrow);","            local.testCase_buildLib_default(options, local.onErrorThrow);","            local.testCase_buildTest_default(options, local.onErrorThrow);","            local.testCase_buildCustomOrg_default(options, local.onErrorThrow);","            options = [];","            local.buildApp(options, onError);","        };","","        local.testCase_buildCustomOrg_default = local.testCase_buildCustomOrg_default ||","            function (options, onError) {","            /*","             * this function will test buildCustomOrg's default handling-behavior","             */","                options = {};","                local.buildCustomOrg(options, onError);","            };","","        local.testCase_buildLib_default = local.testCase_buildLib_default || function (","            options,","            onError","        ) {","        /*","         * this function will test buildLib's default handling-behavior","         */","            options = {};","            local.buildLib(options, onError);","        };","","        local.testCase_buildReadme_default = local.testCase_buildReadme_default || function (","            options,","            onError","        ) {","        /*","         * this function will test buildReadme's default handling-behavior-behavior","         */","            options = {};","            local.buildReadme(options, onError);","        };","","        local.testCase_buildTest_default = local.testCase_buildTest_default || function (","            options,","            onError","        ) {","        /*","         * this function will test buildTest's default handling-behavior","         */","            options = {};","            local.buildTest(options, onError);","        };","","        local.testCase_webpage_default = local.testCase_webpage_default || function (","            options,","            onError","        ) {","        /*","         * this function will test webpage's default handling-behavior","         */","            options = { modeCoverageMerge: true, url: local.serverLocalHost + '?modeTest=1' };","            local.browserTest(options, onError);","        };","","        // run test-server","        local.testRunServer(local);","        break;","    }","}());",""],"l":{"12":2,"14":2,"19":2,"21":2,"23":2,"24":2,"25":2,"30":1,"37":2,"40":2,"43":1,"47":1,"50":1,"52":1,"55":2,"61":2,"62":2,"64":2,"70":1,"76":1,"82":2,"83":2,"85":2,"91":1,"98":1,"102":1,"105":1,"112":1,"119":1,"120":1,"123":1,"130":1,"131":1,"132":1,"133":1,"134":1,"135":1,"138":1,"143":2,"144":2,"147":1,"154":2,"155":2,"158":1,"165":2,"166":2,"169":1,"176":2,"177":2,"180":1,"187":1,"188":1,"192":1,"193":1}},"/home/travis/build/npmtest/node-npmtest-hot-shots/lib.npmtest_hot_shots.js":{"path":"/home/travis/build/npmtest/node-npmtest-hot-shots/lib.npmtest_hot_shots.js","s":{"1":2,"2":2,"3":2,"4":2,"5":2,"6":2,"7":2,"8":1,"9":2,"10":2,"11":2,"12":2,"13":1,"14":1,"15":1,"16":1},"b":{"1":[2,1,1,1],"2":[1,1,1,1],"3":[1,1],"4":[2,2],"5":[1,1]},"f":{"1":2,"2":2,"3":2},"fnMap":{"1":{"name":"(anonymous_1)","line":12,"loc":{"start":{"line":12,"column":1},"end":{"line":12,"column":13}}},"2":{"name":"(anonymous_2)","line":19,"loc":{"start":{"line":19,"column":5},"end":{"line":19,"column":17}}},"3":{"name":"(anonymous_3)","line":23,"loc":{"start":{"line":23,"column":24},"end":{"line":23,"column":36}}}},"statementMap":{"1":{"start":{"line":12,"column":0},"end":{"line":53,"column":5}},"2":{"start":{"line":14,"column":4},"end":{"line":14,"column":14}},"3":{"start":{"line":19,"column":4},"end":{"line":52,"column":9}},"4":{"start":{"line":21,"column":8},"end":{"line":21,"column":19}},"5":{"start":{"line":23,"column":8},"end":{"line":35,"column":13}},"6":{"start":{"line":24,"column":12},"end":{"line":34,"column":13}},"7":{"start":{"line":25,"column":16},"end":{"line":28,"column":30}},"8":{"start":{"line":30,"column":16},"end":{"line":33,"column":27}},"9":{"start":{"line":37,"column":8},"end":{"line":39,"column":21}},"10":{"start":{"line":41,"column":8},"end":{"line":41,"column":54}},"11":{"start":{"line":43,"column":8},"end":{"line":43,"column":54}},"12":{"start":{"line":45,"column":8},"end":{"line":51,"column":9}},"13":{"start":{"line":46,"column":12},"end":{"line":46,"column":60}},"14":{"start":{"line":48,"column":12},"end":{"line":48,"column":35}},"15":{"start":{"line":49,"column":12},"end":{"line":49,"column":49}},"16":{"start":{"line":50,"column":12},"end":{"line":50,"column":43}}},"branchMap":{"1":{"line":25,"type":"binary-expr","locations":[{"start":{"line":25,"column":23},"end":{"line":25,"column":62}},{"start":{"line":26,"column":20},"end":{"line":26,"column":70}},{"start":{"line":27,"column":20},"end":{"line":27,"column":71}},{"start":{"line":28,"column":20},"end":{"line":28,"column":29}}]},"2":{"line":30,"type":"binary-expr","locations":[{"start":{"line":30,"column":23},"end":{"line":30,"column":37}},{"start":{"line":31,"column":20},"end":{"line":31,"column":61}},{"start":{"line":32,"column":20},"end":{"line":32,"column":70}},{"start":{"line":33,"column":20},"end":{"line":33,"column":26}}]},"3":{"line":37,"type":"cond-expr","locations":[{"start":{"line":38,"column":14},"end":{"line":38,"column":20}},{"start":{"line":39,"column":14},"end":{"line":39,"column":20}}]},"4":{"line":41,"type":"binary-expr","locations":[{"start":{"line":41,"column":16},"end":{"line":41,"column":44}},{"start":{"line":41,"column":48},"end":{"line":41,"column":53}}]},"5":{"line":45,"type":"if","locations":[{"start":{"line":45,"column":8},"end":{"line":45,"column":8}},{"start":{"line":45,"column":8},"end":{"line":45,"column":8}}]}},"code":["/* istanbul instrument in package npmtest_hot_shots */","/*jslint","    bitwise: true,","    browser: true,","    maxerr: 8,","    maxlen: 96,","    node: true,","    nomen: true,","    regexp: true,","    stupid: true","*/","(function () {","    'use strict';","    var local;","","","","    // run shared js-env code - pre-init","    (function () {","        // init local","        local = {};","        // init modeJs","        local.modeJs = (function () {","            try {","                return typeof navigator.userAgent === 'string' &&","                    typeof document.querySelector('body') === 'object' &&","                    typeof XMLHttpRequest.prototype.open === 'function' &&","                    'browser';","            } catch (errorCaughtBrowser) {","                return module.exports &&","                    typeof process.versions.node === 'string' &&","                    typeof require('http').createServer === 'function' &&","                    'node';","            }","        }());","        // init global","        local.global = local.modeJs === 'browser'","            ? window","            : global;","        // init utility2_rollup","        local = local.global.utility2_rollup || local;","        // init lib","        local.local = local.npmtest_hot_shots = local;","        // init exports","        if (local.modeJs === 'browser') {","            local.global.utility2_npmtest_hot_shots = local;","        } else {","            module.exports = local;","            module.exports.__dirname = __dirname;","            module.exports.module = module;","        }","    }());","}());",""],"l":{"12":2,"14":2,"19":2,"21":2,"23":2,"24":2,"25":2,"30":1,"37":2,"41":2,"43":2,"45":2,"46":1,"48":1,"49":1,"50":1}},"/home/travis/build/npmtest/node-npmtest-hot-shots/example.js":{"path":"/home/travis/build/npmtest/node-npmtest-hot-shots/example.js","s":{"1":2,"2":2,"3":2,"4":2,"5":2,"6":2,"7":2,"8":1,"9":2,"10":2,"11":2,"12":2,"13":1,"14":2,"15":2,"16":2,"17":2,"18":2,"19":0,"20":2,"21":1,"22":1,"23":1,"24":1,"25":1,"26":0,"27":0,"28":1,"29":1,"30":2,"31":0,"32":0,"33":0,"34":1,"35":2,"36":2,"37":3,"38":3,"39":3,"40":3,"41":0,"42":3,"43":3,"44":3,"45":1,"46":3,"47":1,"48":1,"49":1,"50":1,"51":1,"52":1,"53":1,"54":1,"55":1,"56":1,"57":0,"58":1,"59":6,"60":6,"61":1,"62":2,"63":0,"64":2,"65":1,"66":1,"67":0,"68":0,"69":0,"70":0,"71":0,"72":0,"73":0,"74":0,"75":0,"76":0,"77":0,"78":0,"79":0,"80":0,"81":0,"82":0,"83":0},"b":{"1":[2,1,1,1],"2":[1,1,1,1],"3":[1,1],"4":[2,2],"5":[1,1],"6":[1,1],"7":[2,0],"8":[2,1,1,1,1,1],"9":[0,2,0],"10":[1,1],"11":[2,1,1],"12":[1,0],"13":[0,2],"14":[2,0,0,0,0,0,0],"15":[0,3],"16":[3,0],"17":[1,1],"18":[0,1],"19":[1,2,0,2],"20":[1,0],"21":[1,1],"22":[0,0],"23":[0,0],"24":[0,0],"25":[0,0],"26":[0,0],"27":[0,0],"28":[0,0]},"f":{"1":2,"2":2,"3":2,"4":2,"5":2,"6":2,"7":3,"8":3,"9":3,"10":1,"11":6,"12":0},"fnMap":{"1":{"name":"(anonymous_1)","line":26,"loc":{"start":{"line":26,"column":1},"end":{"line":26,"column":13}}},"2":{"name":"(anonymous_2)","line":33,"loc":{"start":{"line":33,"column":5},"end":{"line":33,"column":17}}},"3":{"name":"(anonymous_3)","line":37,"loc":{"start":{"line":37,"column":24},"end":{"line":37,"column":36}}},"4":{"name":"(anonymous_4)","line":69,"loc":{"start":{"line":69,"column":31},"end":{"line":69,"column":48}},"skip":true},"5":{"name":"(anonymous_5)","line":78,"loc":{"start":{"line":78,"column":26},"end":{"line":78,"column":45}},"skip":true},"6":{"name":"(anonymous_6)","line":123,"loc":{"start":{"line":123,"column":33},"end":{"line":123,"column":48}},"skip":true},"7":{"name":"(anonymous_7)","line":125,"loc":{"start":{"line":125,"column":27},"end":{"line":125,"column":39}},"skip":true},"8":{"name":"(anonymous_8)","line":133,"loc":{"start":{"line":133,"column":59},"end":{"line":133,"column":74}},"skip":true},"9":{"name":"(anonymous_9)","line":143,"loc":{"start":{"line":143,"column":45},"end":{"line":143,"column":62}},"skip":true},"10":{"name":"(anonymous_10)","line":144,"loc":{"start":{"line":144,"column":73},"end":{"line":144,"column":92}},"skip":true},"11":{"name":"(anonymous_11)","line":272,"loc":{"start":{"line":272,"column":51},"end":{"line":272,"column":77}},"skip":true},"12":{"name":"(anonymous_12)","line":315,"loc":{"start":{"line":315,"column":32},"end":{"line":315,"column":61}},"skip":true}},"statementMap":{"1":{"start":{"line":26,"column":0},"end":{"line":326,"column":5}},"2":{"start":{"line":28,"column":4},"end":{"line":28,"column":14}},"3":{"start":{"line":33,"column":4},"end":{"line":60,"column":9}},"4":{"start":{"line":35,"column":8},"end":{"line":35,"column":19}},"5":{"start":{"line":37,"column":8},"end":{"line":49,"column":13}},"6":{"start":{"line":38,"column":12},"end":{"line":48,"column":13}},"7":{"start":{"line":39,"column":16},"end":{"line":42,"column":30}},"8":{"start":{"line":44,"column":16},"end":{"line":47,"column":27}},"9":{"start":{"line":51,"column":8},"end":{"line":53,"column":21}},"10":{"start":{"line":55,"column":8},"end":{"line":57,"column":45}},"11":{"start":{"line":59,"column":8},"end":{"line":59,"column":35}},"12":{"start":{"line":61,"column":4},"end":{"line":325,"column":5}},"13":{"start":{"line":69,"column":8},"end":{"line":121,"column":10},"skip":true},"14":{"start":{"line":70,"column":12},"end":{"line":88,"column":13},"skip":true},"15":{"start":{"line":76,"column":16},"end":{"line":87,"column":19},"skip":true},"16":{"start":{"line":79,"column":20},"end":{"line":86,"column":21},"skip":true},"17":{"start":{"line":82,"column":24},"end":{"line":82,"column":43},"skip":true},"18":{"start":{"line":83,"column":24},"end":{"line":83,"column":30},"skip":true},"19":{"start":{"line":85,"column":24},"end":{"line":85,"column":49},"skip":true},"20":{"start":{"line":89,"column":12},"end":{"line":107,"column":13},"skip":true},"21":{"start":{"line":92,"column":16},"end":{"line":102,"column":17},"skip":true},"22":{"start":{"line":93,"column":20},"end":{"line":93,"column":86},"skip":true},"23":{"start":{"line":94,"column":20},"end":{"line":95,"column":45},"skip":true},"24":{"start":{"line":96,"column":20},"end":{"line":96,"column":42},"skip":true},"25":{"start":{"line":97,"column":20},"end":{"line":97,"column":48},"skip":true},"26":{"start":{"line":100,"column":20},"end":{"line":100,"column":85},"skip":true},"27":{"start":{"line":101,"column":20},"end":{"line":101,"column":96},"skip":true},"28":{"start":{"line":103,"column":16},"end":{"line":103,"column":22},"skip":true},"29":{"start":{"line":106,"column":16},"end":{"line":106,"column":22},"skip":true},"30":{"start":{"line":108,"column":12},"end":{"line":120,"column":13},"skip":true},"31":{"start":{"line":114,"column":16},"end":{"line":119,"column":17},"skip":true},"32":{"start":{"line":116,"column":20},"end":{"line":116,"column":78},"skip":true},"33":{"start":{"line":118,"column":20},"end":{"line":118,"column":47},"skip":true},"34":{"start":{"line":123,"column":8},"end":{"line":141,"column":11},"skip":true},"35":{"start":{"line":124,"column":12},"end":{"line":124,"column":54},"skip":true},"36":{"start":{"line":125,"column":12},"end":{"line":140,"column":14},"skip":true},"37":{"start":{"line":126,"column":16},"end":{"line":126,"column":28},"skip":true},"38":{"start":{"line":127,"column":16},"end":{"line":127,"column":69},"skip":true},"39":{"start":{"line":128,"column":16},"end":{"line":128,"column":75},"skip":true},"40":{"start":{"line":129,"column":16},"end":{"line":131,"column":17},"skip":true},"41":{"start":{"line":130,"column":20},"end":{"line":130,"column":27},"skip":true},"42":{"start":{"line":133,"column":16},"end":{"line":137,"column":36},"skip":true},"43":{"start":{"line":134,"column":20},"end":{"line":136,"column":55},"skip":true},"44":{"start":{"line":139,"column":16},"end":{"line":139,"column":57},"skip":true},"45":{"start":{"line":143,"column":8},"end":{"line":147,"column":11},"skip":true},"46":{"start":{"line":144,"column":12},"end":{"line":146,"column":15},"skip":true},"47":{"start":{"line":145,"column":16},"end":{"line":145,"column":70},"skip":true},"48":{"start":{"line":149,"column":8},"end":{"line":149,"column":31},"skip":true},"49":{"start":{"line":150,"column":8},"end":{"line":150,"column":14},"skip":true},"50":{"start":{"line":158,"column":8},"end":{"line":158,"column":31},"skip":true},"51":{"start":{"line":160,"column":8},"end":{"line":160,"column":33},"skip":true},"52":{"start":{"line":161,"column":8},"end":{"line":161,"column":37},"skip":true},"53":{"start":{"line":162,"column":8},"end":{"line":162,"column":35},"skip":true},"54":{"start":{"line":164,"column":8},"end":{"line":164,"column":50},"skip":true},"55":{"start":{"line":166,"column":8},"end":{"line":256,"column":2},"skip":true},"56":{"start":{"line":258,"column":8},"end":{"line":286,"column":9},"skip":true},"57":{"start":{"line":259,"column":12},"end":{"line":269,"column":14},"skip":true},"58":{"start":{"line":271,"column":12},"end":{"line":285,"column":19},"skip":true},"59":{"start":{"line":274,"column":20},"end":{"line":274,"column":35},"skip":true},"60":{"start":{"line":275,"column":20},"end":{"line":284,"column":21},"skip":true},"61":{"start":{"line":277,"column":24},"end":{"line":277,"column":64},"skip":true},"62":{"start":{"line":279,"column":24},"end":{"line":279,"column":40},"skip":true},"63":{"start":{"line":281,"column":24},"end":{"line":281,"column":40},"skip":true},"64":{"start":{"line":283,"column":24},"end":{"line":283,"column":39},"skip":true},"65":{"start":{"line":288,"column":8},"end":{"line":290,"column":9},"skip":true},"66":{"start":{"line":289,"column":12},"end":{"line":289,"column":18},"skip":true},"67":{"start":{"line":291,"column":8},"end":{"line":293,"column":54},"skip":true},"68":{"start":{"line":296,"column":8},"end":{"line":301,"column":37},"skip":true},"69":{"start":{"line":303,"column":8},"end":{"line":303,"column":82},"skip":true},"70":{"start":{"line":306,"column":8},"end":{"line":308,"column":9},"skip":true},"71":{"start":{"line":307,"column":12},"end":{"line":307,"column":82},"skip":true},"72":{"start":{"line":310,"column":8},"end":{"line":312,"column":9},"skip":true},"73":{"start":{"line":311,"column":12},"end":{"line":311,"column":18},"skip":true},"74":{"start":{"line":313,"column":8},"end":{"line":313,"column":54},"skip":true},"75":{"start":{"line":314,"column":8},"end":{"line":314,"column":69},"skip":true},"76":{"start":{"line":315,"column":8},"end":{"line":323,"column":36},"skip":true},"77":{"start":{"line":316,"column":12},"end":{"line":316,"column":61},"skip":true},"78":{"start":{"line":317,"column":12},"end":{"line":320,"column":13},"skip":true},"79":{"start":{"line":318,"column":16},"end":{"line":318,"column":75},"skip":true},"80":{"start":{"line":319,"column":16},"end":{"line":319,"column":23},"skip":true},"81":{"start":{"line":321,"column":12},"end":{"line":321,"column":38},"skip":true},"82":{"start":{"line":322,"column":12},"end":{"line":322,"column":27},"skip":true},"83":{"start":{"line":324,"column":8},"end":{"line":324,"column":14},"skip":true}},"branchMap":{"1":{"line":39,"type":"binary-expr","locations":[{"start":{"line":39,"column":23},"end":{"line":39,"column":62}},{"start":{"line":40,"column":20},"end":{"line":40,"column":70}},{"start":{"line":41,"column":20},"end":{"line":41,"column":71}},{"start":{"line":42,"column":20},"end":{"line":42,"column":29}}]},"2":{"line":44,"type":"binary-expr","locations":[{"start":{"line":44,"column":23},"end":{"line":44,"column":37}},{"start":{"line":45,"column":20},"end":{"line":45,"column":61}},{"start":{"line":46,"column":20},"end":{"line":46,"column":70}},{"start":{"line":47,"column":20},"end":{"line":47,"column":26}}]},"3":{"line":51,"type":"cond-expr","locations":[{"start":{"line":52,"column":14},"end":{"line":52,"column":20}},{"start":{"line":53,"column":14},"end":{"line":53,"column":20}}]},"4":{"line":55,"type":"binary-expr","locations":[{"start":{"line":55,"column":16},"end":{"line":55,"column":44}},{"start":{"line":55,"column":49},"end":{"line":57,"column":43}}]},"5":{"line":55,"type":"cond-expr","locations":[{"start":{"line":56,"column":14},"end":{"line":56,"column":53}},{"start":{"line":57,"column":14},"end":{"line":57,"column":43}}]},"6":{"line":61,"type":"switch","locations":[{"start":{"line":68,"column":4},"end":{"line":150,"column":14},"skip":true},{"start":{"line":156,"column":4},"end":{"line":324,"column":14},"skip":true}]},"7":{"line":70,"type":"if","locations":[{"start":{"line":70,"column":12},"end":{"line":70,"column":12},"skip":true},{"start":{"line":70,"column":12},"end":{"line":70,"column":12},"skip":true}]},"8":{"line":70,"type":"binary-expr","locations":[{"start":{"line":70,"column":16},"end":{"line":70,"column":22},"skip":true},{"start":{"line":70,"column":27},"end":{"line":70,"column":32},"skip":true},{"start":{"line":71,"column":20},"end":{"line":71,"column":39},"skip":true},{"start":{"line":72,"column":20},"end":{"line":72,"column":49},"skip":true},{"start":{"line":73,"column":20},"end":{"line":73,"column":58},"skip":true},{"start":{"line":74,"column":20},"end":{"line":74,"column":69},"skip":true}]},"9":{"line":79,"type":"switch","locations":[{"start":{"line":80,"column":20},"end":{"line":80,"column":33},"skip":true},{"start":{"line":81,"column":20},"end":{"line":83,"column":30},"skip":true},{"start":{"line":84,"column":20},"end":{"line":85,"column":49},"skip":true}]},"10":{"line":89,"type":"switch","locations":[{"start":{"line":90,"column":12},"end":{"line":103,"column":22},"skip":true},{"start":{"line":105,"column":12},"end":{"line":106,"column":22},"skip":true}]},"11":{"line":89,"type":"binary-expr","locations":[{"start":{"line":89,"column":20},"end":{"line":89,"column":25},"skip":true},{"start":{"line":89,"column":29},"end":{"line":89,"column":48},"skip":true},{"start":{"line":89,"column":52},"end":{"line":89,"column":74},"skip":true}]},"12":{"line":92,"type":"if","locations":[{"start":{"line":92,"column":16},"end":{"line":92,"column":16},"skip":true},{"start":{"line":92,"column":16},"end":{"line":92,"column":16},"skip":true}]},"13":{"line":108,"type":"if","locations":[{"start":{"line":108,"column":12},"end":{"line":108,"column":12},"skip":true},{"start":{"line":108,"column":12},"end":{"line":108,"column":12},"skip":true}]},"14":{"line":108,"type":"binary-expr","locations":[{"start":{"line":108,"column":16},"end":{"line":108,"column":61},"skip":true},{"start":{"line":108,"column":66},"end":{"line":108,"column":72},"skip":true},{"start":{"line":108,"column":77},"end":{"line":108,"column":82},"skip":true},{"start":{"line":109,"column":20},"end":{"line":109,"column":39},"skip":true},{"start":{"line":110,"column":20},"end":{"line":110,"column":49},"skip":true},{"start":{"line":111,"column":20},"end":{"line":111,"column":58},"skip":true},{"start":{"line":112,"column":20},"end":{"line":112,"column":68},"skip":true}]},"15":{"line":129,"type":"if","locations":[{"start":{"line":129,"column":16},"end":{"line":129,"column":16},"skip":true},{"start":{"line":129,"column":16},"end":{"line":129,"column":16},"skip":true}]},"16":{"line":134,"type":"cond-expr","locations":[{"start":{"line":135,"column":26},"end":{"line":135,"column":29},"skip":true},{"start":{"line":136,"column":26},"end":{"line":136,"column":54},"skip":true}]},"17":{"line":164,"type":"binary-expr","locations":[{"start":{"line":164,"column":27},"end":{"line":164,"column":43},"skip":true},{"start":{"line":164,"column":47},"end":{"line":164,"column":49},"skip":true}]},"18":{"line":258,"type":"if","locations":[{"start":{"line":258,"column":8},"end":{"line":258,"column":8},"skip":true},{"start":{"line":258,"column":8},"end":{"line":258,"column":8},"skip":true}]},"19":{"line":275,"type":"switch","locations":[{"start":{"line":276,"column":20},"end":{"line":277,"column":64},"skip":true},{"start":{"line":278,"column":20},"end":{"line":279,"column":40},"skip":true},{"start":{"line":280,"column":20},"end":{"line":281,"column":40},"skip":true},{"start":{"line":282,"column":20},"end":{"line":283,"column":39},"skip":true}]},"20":{"line":288,"type":"if","locations":[{"start":{"line":288,"column":8},"end":{"line":288,"column":8},"skip":true},{"start":{"line":288,"column":8},"end":{"line":288,"column":8},"skip":true}]},"21":{"line":288,"type":"binary-expr","locations":[{"start":{"line":288,"column":12},"end":{"line":288,"column":40},"skip":true},{"start":{"line":288,"column":44},"end":{"line":288,"column":67},"skip":true}]},"22":{"line":292,"type":"binary-expr","locations":[{"start":{"line":292,"column":12},"end":{"line":292,"column":50},"skip":true},{"start":{"line":293,"column":12},"end":{"line":293,"column":53},"skip":true}]},"23":{"line":297,"type":"binary-expr","locations":[{"start":{"line":297,"column":12},"end":{"line":297,"column":67},"skip":true},{"start":{"line":298,"column":12},"end":{"line":301,"column":36},"skip":true}]},"24":{"line":303,"type":"binary-expr","locations":[{"start":{"line":303,"column":43},"end":{"line":303,"column":75},"skip":true},{"start":{"line":303,"column":79},"end":{"line":303,"column":81},"skip":true}]},"25":{"line":306,"type":"if","locations":[{"start":{"line":306,"column":8},"end":{"line":306,"column":8},"skip":true},{"start":{"line":306,"column":8},"end":{"line":306,"column":8},"skip":true}]},"26":{"line":310,"type":"if","locations":[{"start":{"line":310,"column":8},"end":{"line":310,"column":8},"skip":true},{"start":{"line":310,"column":8},"end":{"line":310,"column":8},"skip":true}]},"27":{"line":313,"type":"binary-expr","locations":[{"start":{"line":313,"column":27},"end":{"line":313,"column":43},"skip":true},{"start":{"line":313,"column":47},"end":{"line":313,"column":53},"skip":true}]},"28":{"line":317,"type":"if","locations":[{"start":{"line":317,"column":12},"end":{"line":317,"column":12},"skip":true},{"start":{"line":317,"column":12},"end":{"line":317,"column":12},"skip":true}]}},"code":["/*","example.js","","quickstart example","","instruction","    1. save this script as example.js","    2. run the shell command:","        $ npm install npmtest-hot-shots && PORT=8081 node example.js","    3. play with the browser-demo on http://127.0.0.1:8081","*/","","","","/* istanbul instrument in package npmtest_hot_shots */","/*jslint","    bitwise: true,","    browser: true,","    maxerr: 8,","    maxlen: 96,","    node: true,","    nomen: true,","    regexp: true,","    stupid: true","*/","(function () {","    'use strict';","    var local;","","","","    // run shared js-env code - pre-init","    (function () {","        // init local","        local = {};","        // init modeJs","        local.modeJs = (function () {","            try {","                return typeof navigator.userAgent === 'string' &&","                    typeof document.querySelector('body') === 'object' &&","                    typeof XMLHttpRequest.prototype.open === 'function' &&","                    'browser';","            } catch (errorCaughtBrowser) {","                return module.exports &&","                    typeof process.versions.node === 'string' &&","                    typeof require('http').createServer === 'function' &&","                    'node';","            }","        }());","        // init global","        local.global = local.modeJs === 'browser'","            ? window","            : global;","        // init utility2_rollup","        local = local.global.utility2_rollup || (local.modeJs === 'browser'","            ? local.global.utility2_npmtest_hot_shots","            : global.utility2_moduleExports);","        // export local","        local.global.local = local;","    }());","    switch (local.modeJs) {","","","","    // post-init","    // run browser js-env code - post-init","    /* istanbul ignore next */","    case 'browser':","        local.testRunBrowser = function (event) {","            if (!event || (event &&","                    event.currentTarget &&","                    event.currentTarget.className &&","                    event.currentTarget.className.includes &&","                    event.currentTarget.className.includes('onreset'))) {","                // reset output","                Array.from(","                    document.querySelectorAll('body > .resettable')","                ).forEach(function (element) {","                    switch (element.tagName) {","                    case 'INPUT':","                    case 'TEXTAREA':","                        element.value = '';","                        break;","                    default:","                        element.textContent = '';","                    }","                });","            }","            switch (event && event.currentTarget && event.currentTarget.id) {","            case 'testRunButton1':","                // show tests","                if (document.querySelector('#testReportDiv1').style.display === 'none') {","                    document.querySelector('#testReportDiv1').style.display = 'block';","                    document.querySelector('#testRunButton1').textContent =","                        'hide internal test';","                    local.modeTest = true;","                    local.testRunDefault(local);","                // hide tests","                } else {","                    document.querySelector('#testReportDiv1').style.display = 'none';","                    document.querySelector('#testRunButton1').textContent = 'run internal test';","                }","                break;","            // custom-case","            default:","                break;","            }","            if (document.querySelector('#inputTextareaEval1') && (!event || (event &&","                    event.currentTarget &&","                    event.currentTarget.className &&","                    event.currentTarget.className.includes &&","                    event.currentTarget.className.includes('oneval')))) {","                // try to eval input-code","                try {","                    /*jslint evil: true*/","                    eval(document.querySelector('#inputTextareaEval1').value);","                } catch (errorCaught) {","                    console.error(errorCaught);","                }","            }","        };","        // log stderr and stdout to #outputTextareaStdout1","        ['error', 'log'].forEach(function (key) {","            console[key + '_original'] = console[key];","            console[key] = function () {","                var element;","                console[key + '_original'].apply(console, arguments);","                element = document.querySelector('#outputTextareaStdout1');","                if (!element) {","                    return;","                }","                // append text to #outputTextareaStdout1","                element.value += Array.from(arguments).map(function (arg) {","                    return typeof arg === 'string'","                        ? arg","                        : JSON.stringify(arg, null, 4);","                }).join(' ') + '\\n';","                // scroll textarea to bottom","                element.scrollTop = element.scrollHeight;","            };","        });","        // init event-handling","        ['change', 'click', 'keyup'].forEach(function (event) {","            Array.from(document.querySelectorAll('.on' + event)).forEach(function (element) {","                element.addEventListener(event, local.testRunBrowser);","            });","        });","        // run tests","        local.testRunBrowser();","        break;","","","","    // run node js-env code - post-init","    /* istanbul ignore next */","    case 'node':","        // export local","        module.exports = local;","        // require modules","        local.fs = require('fs');","        local.http = require('http');","        local.url = require('url');","        // init assets","        local.assetsDict = local.assetsDict || {};","        /* jslint-ignore-begin */","        local.assetsDict['/assets.index.template.html'] = '\\","<!doctype html>\\n\\","<html lang=\"en\">\\n\\","<head>\\n\\","<meta charset=\"UTF-8\">\\n\\","<meta name=\"viewport\" content=\"width=device-width, initial-scale=1\">\\n\\","<title>{{env.npm_package_name}} (v{{env.npm_package_version}})</title>\\n\\","<style>\\n\\","/*csslint\\n\\","    box-sizing: false,\\n\\","    universal-selector: false\\n\\","*/\\n\\","* {\\n\\","    box-sizing: border-box;\\n\\","}\\n\\","body {\\n\\","    background: #dde;\\n\\","    font-family: Arial, Helvetica, sans-serif;\\n\\","    margin: 2rem;\\n\\","}\\n\\","body > * {\\n\\","    margin-bottom: 1rem;\\n\\","}\\n\\",".utility2FooterDiv {\\n\\","    margin-top: 20px;\\n\\","    text-align: center;\\n\\","}\\n\\","</style>\\n\\","<style>\\n\\","/*csslint\\n\\","*/\\n\\","textarea {\\n\\","    font-family: monospace;\\n\\","    height: 10rem;\\n\\","    width: 100%;\\n\\","}\\n\\","textarea[readonly] {\\n\\","    background: #ddd;\\n\\","}\\n\\","</style>\\n\\","</head>\\n\\","<body>\\n\\","<!-- utility2-comment\\n\\","<div id=\"ajaxProgressDiv1\" style=\"background: #d00; height: 2px; left: 0; margin: 0; padding: 0; position: fixed; top: 0; transition: background 0.5s, width 1.5s; width: 25%;\"></div>\\n\\","utility2-comment -->\\n\\","<h1>\\n\\","<!-- utility2-comment\\n\\","    <a\\n\\","        {{#if env.npm_package_homepage}}\\n\\","        href=\"{{env.npm_package_homepage}}\"\\n\\","        {{/if env.npm_package_homepage}}\\n\\","        target=\"_blank\"\\n\\","    >\\n\\","utility2-comment -->\\n\\","        {{env.npm_package_name}} (v{{env.npm_package_version}})\\n\\","<!-- utility2-comment\\n\\","    </a>\\n\\","utility2-comment -->\\n\\","</h1>\\n\\","<h3>{{env.npm_package_description}}</h3>\\n\\","<!-- utility2-comment\\n\\","<h4><a download href=\"assets.app.js\">download standalone app</a></h4>\\n\\","<button class=\"onclick onreset\" id=\"testRunButton1\">run internal test</button><br>\\n\\","<div id=\"testReportDiv1\" style=\"display: none;\"></div>\\n\\","utility2-comment -->\\n\\","\\n\\","\\n\\","\\n\\","<label>stderr and stdout</label>\\n\\","<textarea class=\"resettable\" id=\"outputTextareaStdout1\" readonly></textarea>\\n\\","<!-- utility2-comment\\n\\","{{#if isRollup}}\\n\\","<script src=\"assets.app.js\"></script>\\n\\","{{#unless isRollup}}\\n\\","utility2-comment -->\\n\\","<script src=\"assets.utility2.rollup.js\"></script>\\n\\","<script src=\"jsonp.utility2._stateInit?callback=window.utility2._stateInit\"></script>\\n\\","<script src=\"assets.npmtest_hot_shots.rollup.js\"></script>\\n\\","<script src=\"assets.example.js\"></script>\\n\\","<script src=\"assets.test.js\"></script>\\n\\","<!-- utility2-comment\\n\\","{{/if isRollup}}\\n\\","utility2-comment -->\\n\\","<div class=\"utility2FooterDiv\">\\n\\","    [ this app was created with\\n\\","    <a href=\"https://github.com/kaizhu256/node-utility2\" target=\"_blank\">utility2</a>\\n\\","    ]\\n\\","</div>\\n\\","</body>\\n\\","</html>\\n\\","';","        /* jslint-ignore-end */","        if (local.templateRender) {","            local.assetsDict['/'] = local.templateRender(","                local.assetsDict['/assets.index.template.html'],","                {","                    env: local.objectSetDefault(local.env, {","                        npm_package_description: 'the greatest app in the world!',","                        npm_package_name: 'my-app',","                        npm_package_nameAlias: 'my_app',","                        npm_package_version: '0.0.1'","                    })","                }","            );","        } else {","            local.assetsDict['/'] = local.assetsDict['/assets.index.template.html']","                .replace((/\\{\\{env\\.(\\w+?)\\}\\}/g), function (match0, match1) {","                    // jslint-hack","                    String(match0);","                    switch (match1) {","                    case 'npm_package_description':","                        return 'the greatest app in the world!';","                    case 'npm_package_name':","                        return 'my-app';","                    case 'npm_package_nameAlias':","                        return 'my_app';","                    case 'npm_package_version':","                        return '0.0.1';","                    }","                });","        }","        // run the cli","        if (local.global.utility2_rollup || module !== require.main) {","            break;","        }","        local.assetsDict['/assets.example.js'] =","            local.assetsDict['/assets.example.js'] ||","            local.fs.readFileSync(__filename, 'utf8');","        // bug-workaround - long $npm_package_buildCustomOrg","        /* jslint-ignore-begin */","        local.assetsDict['/assets.npmtest_hot_shots.rollup.js'] =","            local.assetsDict['/assets.npmtest_hot_shots.rollup.js'] ||","            local.fs.readFileSync(","                local.npmtest_hot_shots.__dirname + '/lib.npmtest_hot_shots.js',","                'utf8'","            ).replace((/^#!/), '//');","        /* jslint-ignore-end */","        local.assetsDict['/favicon.ico'] = local.assetsDict['/favicon.ico'] || '';","        // if $npm_config_timeout_exit exists,","        // then exit this process after $npm_config_timeout_exit ms","        if (Number(process.env.npm_config_timeout_exit)) {","            setTimeout(process.exit, Number(process.env.npm_config_timeout_exit));","        }","        // start server","        if (local.global.utility2_serverHttp1) {","            break;","        }","        process.env.PORT = process.env.PORT || '8081';","        console.error('server starting on port ' + process.env.PORT);","        local.http.createServer(function (request, response) {","            request.urlParsed = local.url.parse(request.url);","            if (local.assetsDict[request.urlParsed.pathname] !== undefined) {","                response.end(local.assetsDict[request.urlParsed.pathname]);","                return;","            }","            response.statusCode = 404;","            response.end();","        }).listen(process.env.PORT);","        break;","    }","}());",""],"l":{"26":2,"28":2,"33":2,"35":2,"37":2,"38":2,"39":2,"44":1,"51":2,"55":2,"59":2,"61":2,"69":1,"70":2,"76":2,"79":2,"82":2,"83":2,"85":1,"89":2,"92":1,"93":1,"94":1,"96":1,"97":1,"100":1,"101":1,"103":1,"106":1,"108":2,"114":1,"116":1,"118":1,"123":1,"124":2,"125":2,"126":3,"127":3,"128":3,"129":3,"130":1,"133":3,"134":3,"139":3,"143":1,"144":3,"145":1,"149":1,"150":1,"158":1,"160":1,"161":1,"162":1,"164":1,"166":1,"258":1,"259":1,"271":1,"274":6,"275":6,"277":1,"279":2,"281":1,"283":2,"288":1,"289":1,"291":1,"296":1,"303":1,"306":1,"307":1,"310":1,"311":1,"313":1,"314":1,"315":1,"316":1,"317":1,"318":1,"319":1,"321":1,"322":1,"324":1}},"/home/travis/build/npmtest/node-npmtest-hot-shots/node_modules/hot-shots/index.js":{"path":"/home/travis/build/npmtest/node-npmtest-hot-shots/node_modules/hot-shots/index.js","s":{"1":1},"b":{},"f":{},"fnMap":{},"statementMap":{"1":{"start":{"line":1,"column":0},"end":{"line":1,"column":41}}},"branchMap":{},"code":["module.exports = require('./lib/statsd');"],"l":{"1":1}},"/home/travis/build/npmtest/node-npmtest-hot-shots/node_modules/hot-shots/lib/statsd.js":{"path":"/home/travis/build/npmtest/node-npmtest-hot-shots/node_modules/hot-shots/lib/statsd.js","s":{"1":1,"2":1,"3":0,"4":0,"5":0,"6":0,"7":0,"8":0,"9":0,"10":0,"11":0,"12":0,"13":0,"14":0,"15":0,"16":0,"17":0,"18":0,"19":0,"20":0,"21":0,"22":0,"23":0,"24":0,"25":0,"26":0,"27":0,"28":0,"29":0,"30":0,"31":0,"32":0,"33":0,"34":1,"35":0,"36":1,"37":0,"38":0,"39":0,"40":1,"41":0,"42":1,"43":0,"44":1,"45":0,"46":1,"47":0,"48":1,"49":0,"50":0,"51":0,"52":0,"53":0,"54":0,"55":0,"56":0,"57":0,"58":0,"59":0,"60":0,"61":0,"62":0,"63":0,"64":0,"65":0,"66":0,"67":0,"68":0,"69":0,"70":0,"71":0,"72":0,"73":0,"74":1,"75":0,"76":0,"77":0,"78":0,"79":0,"80":0,"81":0,"82":0,"83":0,"84":0,"85":0,"86":0,"87":0,"88":0,"89":0,"90":0,"91":0,"92":0,"93":0,"94":0,"95":0,"96":0,"97":0,"98":0,"99":0,"100":0,"101":0,"102":0,"103":1,"104":0,"105":0,"106":0,"107":0,"108":0,"109":0,"110":0,"111":0,"112":1,"113":0,"114":0,"115":0,"116":0,"117":0,"118":0,"119":0,"120":0,"121":0,"122":0,"123":0,"124":0,"125":0,"126":0,"127":0,"128":0,"129":0,"130":0,"131":1,"132":0,"133":0,"134":0,"135":0,"136":0,"137":0,"138":0,"139":1,"140":0,"141":0,"142":0,"143":0,"144":0,"145":0,"146":0,"147":0,"148":0,"149":1,"150":0,"151":0,"152":0,"153":0,"154":0,"155":0,"156":0,"157":0,"158":0,"159":0,"160":0,"161":0,"162":1,"163":0,"164":0,"165":0,"166":0,"167":0,"168":0,"169":0,"170":1,"171":0,"172":0,"173":1,"174":0,"175":0,"176":0,"177":0,"178":0,"179":0,"180":0,"181":0,"182":0,"183":0,"184":0,"185":0,"186":0,"187":1,"188":0,"189":1,"190":0,"191":0,"192":0,"193":0,"194":0,"195":0,"196":0,"197":0,"198":0,"199":0,"200":0,"201":0,"202":0,"203":1,"204":0,"205":0,"206":1,"207":1,"208":0,"209":1,"210":0,"211":0,"212":0,"213":0,"214":0,"215":0,"216":0,"217":0,"218":0,"219":0,"220":0,"221":0,"222":0,"223":0,"224":0,"225":0,"226":0,"227":0,"228":0,"229":0,"230":1,"231":0,"232":0,"233":0,"234":0,"235":0,"236":0,"237":1,"238":1},"b":{"1":[0,0],"2":[0,0],"3":[0,0],"4":[0,0],"5":[0,0],"6":[0,0],"7":[0,0],"8":[0,0],"9":[0,0],"10":[0,0],"11":[0,0],"12":[0,0],"13":[0,0],"14":[0,0],"15":[0,0],"16":[0,0],"17":[0,0],"18":[0,0],"19":[0,0],"20":[0,0],"21":[0,0],"22":[0,0],"23":[0,0],"24":[0,0],"25":[0,0],"26":[0,0],"27":[0,0],"28":[0,0],"29":[0,0],"30":[0,0],"31":[0,0],"32":[0,0],"33":[0,0],"34":[0,0],"35":[0,0],"36":[0,0],"37":[0,0],"38":[0,0],"39":[0,0],"40":[0,0],"41":[0,0],"42":[0,0],"43":[0,0],"44":[0,0],"45":[0,0],"46":[0,0],"47":[0,0],"48":[0,0],"49":[0,0],"50":[0,0],"51":[0,0],"52":[0,0],"53":[0,0],"54":[0,0],"55":[0,0],"56":[0,0],"57":[0,0],"58":[0,0],"59":[0,0],"60":[0,0],"61":[0,0],"62":[0,0],"63":[0,0],"64":[0,0],"65":[0,0],"66":[0,0],"67":[0,0],"68":[0,0],"69":[0,0],"70":[0,0],"71":[0,0],"72":[0,0],"73":[0,0],"74":[0,0],"75":[0,0],"76":[0,0],"77":[0,0],"78":[0,0],"79":[0,0],"80":[0,0],"81":[0,0],"82":[0,0],"83":[0,0],"84":[0,0],"85":[0,0],"86":[0,0],"87":[0,0],"88":[0,0],"89":[0,0],"90":[0,0],"91":[0,0],"92":[0,0],"93":[0,0],"94":[0,0],"95":[0,0],"96":[0,0],"97":[0,0],"98":[0,0],"99":[0,0],"100":[0,0],"101":[0,0],"102":[0,0]},"f":{"1":0,"2":0,"3":0,"4":0,"5":0,"6":0,"7":0,"8":0,"9":0,"10":0,"11":0,"12":0,"13":0,"14":0,"15":0,"16":0,"17":0,"18":0,"19":0,"20":0,"21":0,"22":0,"23":0,"24":0,"25":0,"26":0,"27":0,"28":0},"fnMap":{"1":{"name":"(anonymous_1)","line":24,"loc":{"start":{"line":24,"column":13},"end":{"line":25,"column":74}}},"2":{"name":"(anonymous_2)","line":70,"loc":{"start":{"line":70,"column":29},"end":{"line":70,"column":59}}},"3":{"name":"(anonymous_3)","line":103,"loc":{"start":{"line":103,"column":26},"end":{"line":103,"column":76}}},"4":{"name":"(anonymous_4)","line":115,"loc":{"start":{"line":115,"column":29},"end":{"line":115,"column":80}}},"5":{"name":"(anonymous_5)","line":132,"loc":{"start":{"line":132,"column":29},"end":{"line":132,"column":80}}},"6":{"name":"(anonymous_6)","line":144,"loc":{"start":{"line":144,"column":29},"end":{"line":144,"column":80}}},"7":{"name":"(anonymous_7)","line":157,"loc":{"start":{"line":157,"column":25},"end":{"line":157,"column":76}}},"8":{"name":"(anonymous_8)","line":170,"loc":{"start":{"line":170,"column":23},"end":{"line":170,"column":74}}},"9":{"name":"(anonymous_9)","line":185,"loc":{"start":{"line":185,"column":25},"end":{"line":185,"column":73}}},"10":{"name":"(anonymous_10)","line":250,"loc":{"start":{"line":250,"column":25},"end":{"line":250,"column":72}}},"11":{"name":"(anonymous_11)","line":315,"loc":{"start":{"line":315,"column":27},"end":{"line":315,"column":82}}},"12":{"name":"onSend","line":337,"loc":{"start":{"line":337,"column":2},"end":{"line":337,"column":31}}},"13":{"name":"(anonymous_13)","line":362,"loc":{"start":{"line":362,"column":17},"end":{"line":362,"column":31}}},"14":{"name":"(anonymous_14)","line":379,"loc":{"start":{"line":379,"column":28},"end":{"line":379,"column":85}}},"15":{"name":"(anonymous_15)","line":400,"loc":{"start":{"line":400,"column":24},"end":{"line":400,"column":59}}},"16":{"name":"(anonymous_16)","line":421,"loc":{"start":{"line":421,"column":25},"end":{"line":421,"column":54}}},"17":{"name":"(anonymous_17)","line":455,"loc":{"start":{"line":455,"column":27},"end":{"line":455,"column":54}}},"18":{"name":"(anonymous_18)","line":473,"loc":{"start":{"line":473,"column":30},"end":{"line":473,"column":48}}},"19":{"name":"(anonymous_19)","line":484,"loc":{"start":{"line":484,"column":31},"end":{"line":484,"column":58}}},"20":{"name":"(anonymous_20)","line":514,"loc":{"start":{"line":514,"column":41},"end":{"line":514,"column":52}}},"21":{"name":"(anonymous_21)","line":521,"loc":{"start":{"line":521,"column":25},"end":{"line":521,"column":43}}},"22":{"name":"(anonymous_22)","line":551,"loc":{"start":{"line":551,"column":18},"end":{"line":551,"column":45}}},"23":{"name":"(anonymous_23)","line":584,"loc":{"start":{"line":584,"column":31},"end":{"line":584,"column":49}}},"24":{"name":"overrideTags","line":592,"loc":{"start":{"line":592,"column":0},"end":{"line":592,"column":38}}},"25":{"name":"(anonymous_25)","line":595,"loc":{"start":{"line":595,"column":16},"end":{"line":595,"column":31}}},"26":{"name":"(anonymous_26)","line":603,"loc":{"start":{"line":603,"column":26},"end":{"line":603,"column":41}}},"27":{"name":"(anonymous_27)","line":616,"loc":{"start":{"line":616,"column":33},"end":{"line":616,"column":48}}},"28":{"name":"formatDate","line":623,"loc":{"start":{"line":623,"column":0},"end":{"line":623,"column":26}}}},"statementMap":{"1":{"start":{"line":3,"column":0},"end":{"line":5,"column":27}},"2":{"start":{"line":24,"column":0},"end":{"line":93,"column":2}},"3":{"start":{"line":26,"column":2},"end":{"line":27,"column":21}},"4":{"start":{"line":29,"column":2},"end":{"line":44,"column":3}},"5":{"start":{"line":30,"column":4},"end":{"line":43,"column":6}},"6":{"start":{"line":46,"column":2},"end":{"line":46,"column":49}},"7":{"start":{"line":47,"column":2},"end":{"line":47,"column":42}},"8":{"start":{"line":48,"column":2},"end":{"line":48,"column":42}},"9":{"start":{"line":49,"column":2},"end":{"line":49,"column":42}},"10":{"start":{"line":50,"column":2},"end":{"line":50,"column":83}},"11":{"start":{"line":51,"column":2},"end":{"line":51,"column":34}},"12":{"start":{"line":52,"column":2},"end":{"line":52,"column":81}},"13":{"start":{"line":53,"column":2},"end":{"line":53,"column":47}},"14":{"start":{"line":54,"column":2},"end":{"line":54,"column":50}},"15":{"start":{"line":55,"column":2},"end":{"line":55,"column":45}},"16":{"start":{"line":56,"column":2},"end":{"line":56,"column":65}},"17":{"start":{"line":57,"column":2},"end":{"line":57,"column":78}},"18":{"start":{"line":58,"column":2},"end":{"line":58,"column":43}},"19":{"start":{"line":61,"column":2},"end":{"line":63,"column":3}},"20":{"start":{"line":62,"column":4},"end":{"line":62,"column":103}},"21":{"start":{"line":65,"column":2},"end":{"line":77,"column":3}},"22":{"start":{"line":66,"column":4},"end":{"line":68,"column":5}},"23":{"start":{"line":67,"column":6},"end":{"line":67,"column":39}},"24":{"start":{"line":69,"column":9},"end":{"line":77,"column":3}},"25":{"start":{"line":70,"column":4},"end":{"line":76,"column":7}},"26":{"start":{"line":71,"column":6},"end":{"line":75,"column":7}},"27":{"start":{"line":72,"column":8},"end":{"line":72,"column":28}},"28":{"start":{"line":74,"column":8},"end":{"line":74,"column":28}},"29":{"start":{"line":79,"column":2},"end":{"line":81,"column":3}},"30":{"start":{"line":80,"column":4},"end":{"line":80,"column":50}},"31":{"start":{"line":83,"column":2},"end":{"line":85,"column":3}},"32":{"start":{"line":84,"column":4},"end":{"line":84,"column":25}},"33":{"start":{"line":87,"column":2},"end":{"line":92,"column":4}},"34":{"start":{"line":103,"column":0},"end":{"line":105,"column":2}},"35":{"start":{"line":104,"column":2},"end":{"line":104,"column":61}},"36":{"start":{"line":115,"column":0},"end":{"line":122,"column":2}},"37":{"start":{"line":118,"column":2},"end":{"line":120,"column":3}},"38":{"start":{"line":119,"column":4},"end":{"line":119,"column":14}},"39":{"start":{"line":121,"column":2},"end":{"line":121,"column":61}},"40":{"start":{"line":132,"column":0},"end":{"line":134,"column":2}},"41":{"start":{"line":133,"column":2},"end":{"line":133,"column":68}},"42":{"start":{"line":144,"column":0},"end":{"line":146,"column":2}},"43":{"start":{"line":145,"column":2},"end":{"line":145,"column":61}},"44":{"start":{"line":157,"column":0},"end":{"line":159,"column":2}},"45":{"start":{"line":158,"column":2},"end":{"line":158,"column":61}},"46":{"start":{"line":169,"column":0},"end":{"line":172,"column":2}},"47":{"start":{"line":171,"column":2},"end":{"line":171,"column":61}},"48":{"start":{"line":185,"column":0},"end":{"line":234,"column":2}},"49":{"start":{"line":186,"column":2},"end":{"line":196,"column":3}},"50":{"start":{"line":187,"column":4},"end":{"line":187,"column":64}},"51":{"start":{"line":188,"column":4},"end":{"line":193,"column":5}},"52":{"start":{"line":189,"column":6},"end":{"line":189,"column":27}},"53":{"start":{"line":191,"column":9},"end":{"line":193,"column":5}},"54":{"start":{"line":192,"column":6},"end":{"line":192,"column":36}},"55":{"start":{"line":195,"column":4},"end":{"line":195,"column":14}},"56":{"start":{"line":197,"column":2},"end":{"line":198,"column":29}},"57":{"start":{"line":200,"column":2},"end":{"line":205,"column":3}},"58":{"start":{"line":201,"column":4},"end":{"line":201,"column":55}},"59":{"start":{"line":202,"column":4},"end":{"line":204,"column":5}},"60":{"start":{"line":203,"column":6},"end":{"line":203,"column":35}},"61":{"start":{"line":206,"column":2},"end":{"line":208,"column":3}},"62":{"start":{"line":207,"column":4},"end":{"line":207,"column":41}},"63":{"start":{"line":210,"column":2},"end":{"line":210,"column":35}},"64":{"start":{"line":211,"column":2},"end":{"line":213,"column":3}},"65":{"start":{"line":212,"column":4},"end":{"line":212,"column":48}},"66":{"start":{"line":214,"column":2},"end":{"line":216,"column":3}},"67":{"start":{"line":215,"column":4},"end":{"line":215,"column":43}},"68":{"start":{"line":219,"column":2},"end":{"line":221,"column":3}},"69":{"start":{"line":220,"column":4},"end":{"line":220,"column":40}},"70":{"start":{"line":224,"column":2},"end":{"line":226,"column":3}},"71":{"start":{"line":225,"column":4},"end":{"line":225,"column":20}},"72":{"start":{"line":228,"column":2},"end":{"line":228,"column":32}},"73":{"start":{"line":233,"column":2},"end":{"line":233,"column":32}},"74":{"start":{"line":250,"column":0},"end":{"line":304,"column":2}},"75":{"start":{"line":251,"column":2},"end":{"line":261,"column":3}},"76":{"start":{"line":252,"column":4},"end":{"line":252,"column":64}},"77":{"start":{"line":253,"column":4},"end":{"line":258,"column":5}},"78":{"start":{"line":254,"column":6},"end":{"line":254,"column":27}},"79":{"start":{"line":256,"column":9},"end":{"line":258,"column":5}},"80":{"start":{"line":257,"column":6},"end":{"line":257,"column":36}},"81":{"start":{"line":260,"column":4},"end":{"line":260,"column":14}},"82":{"start":{"line":264,"column":2},"end":{"line":266,"column":47}},"83":{"start":{"line":268,"column":2},"end":{"line":268,"column":42}},"84":{"start":{"line":271,"column":2},"end":{"line":271,"column":93}},"85":{"start":{"line":274,"column":2},"end":{"line":296,"column":3}},"86":{"start":{"line":275,"column":4},"end":{"line":280,"column":5}},"87":{"start":{"line":276,"column":6},"end":{"line":276,"column":56}},"88":{"start":{"line":277,"column":6},"end":{"line":279,"column":7}},"89":{"start":{"line":278,"column":8},"end":{"line":278,"column":37}},"90":{"start":{"line":281,"column":4},"end":{"line":283,"column":5}},"91":{"start":{"line":282,"column":6},"end":{"line":282,"column":42}},"92":{"start":{"line":284,"column":4},"end":{"line":286,"column":5}},"93":{"start":{"line":285,"column":6},"end":{"line":285,"column":49}},"94":{"start":{"line":287,"column":4},"end":{"line":289,"column":5}},"95":{"start":{"line":288,"column":6},"end":{"line":288,"column":42}},"96":{"start":{"line":290,"column":4},"end":{"line":292,"column":5}},"97":{"start":{"line":291,"column":6},"end":{"line":291,"column":50}},"98":{"start":{"line":293,"column":4},"end":{"line":295,"column":5}},"99":{"start":{"line":294,"column":6},"end":{"line":294,"column":44}},"100":{"start":{"line":299,"column":2},"end":{"line":301,"column":3}},"101":{"start":{"line":300,"column":4},"end":{"line":300,"column":20}},"102":{"start":{"line":303,"column":2},"end":{"line":303,"column":37}},"103":{"start":{"line":315,"column":0},"end":{"line":368,"column":2}},"104":{"start":{"line":316,"column":2},"end":{"line":319,"column":18}},"105":{"start":{"line":321,"column":2},"end":{"line":325,"column":3}},"106":{"start":{"line":322,"column":4},"end":{"line":322,"column":20}},"107":{"start":{"line":323,"column":4},"end":{"line":323,"column":22}},"108":{"start":{"line":324,"column":4},"end":{"line":324,"column":27}},"109":{"start":{"line":327,"column":2},"end":{"line":330,"column":3}},"110":{"start":{"line":328,"column":4},"end":{"line":328,"column":20}},"111":{"start":{"line":329,"column":4},"end":{"line":329,"column":21}},"112":{"start":{"line":337,"column":2},"end":{"line":359,"column":3}},"113":{"start":{"line":338,"column":4},"end":{"line":338,"column":19}},"114":{"start":{"line":339,"column":4},"end":{"line":341,"column":5}},"115":{"start":{"line":340,"column":6},"end":{"line":340,"column":13}},"116":{"start":{"line":343,"column":4},"end":{"line":353,"column":5}},"117":{"start":{"line":344,"column":6},"end":{"line":351,"column":7}},"118":{"start":{"line":345,"column":8},"end":{"line":345,"column":26}},"119":{"start":{"line":346,"column":8},"end":{"line":346,"column":24}},"120":{"start":{"line":348,"column":11},"end":{"line":351,"column":7}},"121":{"start":{"line":349,"column":8},"end":{"line":349,"column":26}},"122":{"start":{"line":350,"column":8},"end":{"line":350,"column":33}},"123":{"start":{"line":352,"column":6},"end":{"line":352,"column":13}},"124":{"start":{"line":355,"column":4},"end":{"line":355,"column":23}},"125":{"start":{"line":356,"column":4},"end":{"line":358,"column":5}},"126":{"start":{"line":357,"column":6},"end":{"line":357,"column":32}},"127":{"start":{"line":361,"column":2},"end":{"line":367,"column":3}},"128":{"start":{"line":362,"column":4},"end":{"line":364,"column":7}},"129":{"start":{"line":363,"column":6},"end":{"line":363,"column":65}},"130":{"start":{"line":366,"column":4},"end":{"line":366,"column":65}},"131":{"start":{"line":379,"column":0},"end":{"line":392,"column":2}},"132":{"start":{"line":380,"column":2},"end":{"line":380,"column":76}},"133":{"start":{"line":382,"column":2},"end":{"line":382,"column":45}},"134":{"start":{"line":383,"column":2},"end":{"line":390,"column":3}},"135":{"start":{"line":384,"column":4},"end":{"line":389,"column":5}},"136":{"start":{"line":385,"column":6},"end":{"line":385,"column":35}},"137":{"start":{"line":388,"column":6},"end":{"line":388,"column":47}},"138":{"start":{"line":391,"column":2},"end":{"line":391,"column":37}},"139":{"start":{"line":400,"column":0},"end":{"line":414,"column":2}},"140":{"start":{"line":401,"column":2},"end":{"line":401,"column":35}},"141":{"start":{"line":402,"column":2},"end":{"line":404,"column":3}},"142":{"start":{"line":403,"column":4},"end":{"line":403,"column":48}},"143":{"start":{"line":405,"column":2},"end":{"line":412,"column":3}},"144":{"start":{"line":406,"column":4},"end":{"line":411,"column":5}},"145":{"start":{"line":407,"column":6},"end":{"line":407,"column":35}},"146":{"start":{"line":408,"column":6},"end":{"line":408,"column":110}},"147":{"start":{"line":410,"column":6},"end":{"line":410,"column":45}},"148":{"start":{"line":413,"column":2},"end":{"line":413,"column":32}},"149":{"start":{"line":421,"column":0},"end":{"line":448,"column":2}},"150":{"start":{"line":424,"column":2},"end":{"line":432,"column":3}},"151":{"start":{"line":425,"column":4},"end":{"line":430,"column":5}},"152":{"start":{"line":426,"column":6},"end":{"line":426,"column":37}},"153":{"start":{"line":428,"column":9},"end":{"line":430,"column":5}},"154":{"start":{"line":429,"column":6},"end":{"line":429,"column":46}},"155":{"start":{"line":431,"column":4},"end":{"line":431,"column":24}},"156":{"start":{"line":435,"column":2},"end":{"line":447,"column":3}},"157":{"start":{"line":436,"column":4},"end":{"line":441,"column":5}},"158":{"start":{"line":437,"column":6},"end":{"line":437,"column":42}},"159":{"start":{"line":440,"column":6},"end":{"line":440,"column":38}},"160":{"start":{"line":444,"column":4},"end":{"line":446,"column":5}},"161":{"start":{"line":445,"column":6},"end":{"line":445,"column":24}},"162":{"start":{"line":455,"column":0},"end":{"line":468,"column":2}},"163":{"start":{"line":456,"column":2},"end":{"line":456,"column":18}},"164":{"start":{"line":458,"column":2},"end":{"line":467,"column":3}},"165":{"start":{"line":459,"column":4},"end":{"line":459,"column":30}},"166":{"start":{"line":460,"column":4},"end":{"line":460,"column":40}},"167":{"start":{"line":463,"column":4},"end":{"line":463,"column":40}},"168":{"start":{"line":464,"column":4},"end":{"line":466,"column":5}},"169":{"start":{"line":465,"column":6},"end":{"line":465,"column":21}},"170":{"start":{"line":473,"column":0},"end":{"line":476,"column":2}},"171":{"start":{"line":474,"column":2},"end":{"line":474,"column":55}},"172":{"start":{"line":475,"column":2},"end":{"line":475,"column":32}},"173":{"start":{"line":484,"column":0},"end":{"line":509,"column":2}},"174":{"start":{"line":487,"column":2},"end":{"line":492,"column":3}},"175":{"start":{"line":488,"column":4},"end":{"line":490,"column":5}},"176":{"start":{"line":489,"column":6},"end":{"line":489,"column":21}},"177":{"start":{"line":491,"column":4},"end":{"line":491,"column":11}},"178":{"start":{"line":493,"column":2},"end":{"line":493,"column":32}},"179":{"start":{"line":494,"column":2},"end":{"line":508,"column":3}},"180":{"start":{"line":495,"column":4},"end":{"line":495,"column":73}},"181":{"start":{"line":498,"column":4},"end":{"line":498,"column":63}},"182":{"start":{"line":499,"column":4},"end":{"line":507,"column":5}},"183":{"start":{"line":500,"column":6},"end":{"line":500,"column":38}},"184":{"start":{"line":502,"column":9},"end":{"line":507,"column":5}},"185":{"start":{"line":503,"column":6},"end":{"line":503,"column":47}},"186":{"start":{"line":506,"column":6},"end":{"line":506,"column":30}},"187":{"start":{"line":514,"column":0},"end":{"line":516,"column":2}},"188":{"start":{"line":515,"column":2},"end":{"line":515,"column":20}},"189":{"start":{"line":521,"column":0},"end":{"line":549,"column":2}},"190":{"start":{"line":522,"column":2},"end":{"line":524,"column":3}},"191":{"start":{"line":523,"column":4},"end":{"line":523,"column":39}},"192":{"start":{"line":526,"column":2},"end":{"line":526,"column":20}},"193":{"start":{"line":528,"column":2},"end":{"line":532,"column":3}},"194":{"start":{"line":531,"column":4},"end":{"line":531,"column":38}},"195":{"start":{"line":534,"column":2},"end":{"line":548,"column":3}},"196":{"start":{"line":535,"column":4},"end":{"line":535,"column":24}},"197":{"start":{"line":538,"column":4},"end":{"line":538,"column":62}},"198":{"start":{"line":539,"column":4},"end":{"line":547,"column":5}},"199":{"start":{"line":540,"column":6},"end":{"line":540,"column":38}},"200":{"start":{"line":542,"column":9},"end":{"line":547,"column":5}},"201":{"start":{"line":543,"column":6},"end":{"line":543,"column":47}},"202":{"start":{"line":546,"column":6},"end":{"line":546,"column":30}},"203":{"start":{"line":551,"column":0},"end":{"line":574,"column":2}},"204":{"start":{"line":552,"column":2},"end":{"line":552,"column":26}},"205":{"start":{"line":553,"column":2},"end":{"line":573,"column":5}},"206":{"start":{"line":575,"column":0},"end":{"line":575,"column":35}},"207":{"start":{"line":584,"column":0},"end":{"line":586,"column":2}},"208":{"start":{"line":585,"column":2},"end":{"line":585,"column":40}},"209":{"start":{"line":592,"column":0},"end":{"line":620,"column":1}},"210":{"start":{"line":593,"column":2},"end":{"line":593,"column":21}},"211":{"start":{"line":594,"column":2},"end":{"line":594,"column":20}},"212":{"start":{"line":595,"column":2},"end":{"line":602,"column":5}},"213":{"start":{"line":596,"column":4},"end":{"line":596,"column":62}},"214":{"start":{"line":597,"column":4},"end":{"line":601,"column":5}},"215":{"start":{"line":598,"column":6},"end":{"line":598,"column":25}},"216":{"start":{"line":600,"column":6},"end":{"line":600,"column":64}},"217":{"start":{"line":603,"column":2},"end":{"line":615,"column":5}},"218":{"start":{"line":604,"column":4},"end":{"line":604,"column":62}},"219":{"start":{"line":605,"column":4},"end":{"line":607,"column":5}},"220":{"start":{"line":606,"column":6},"end":{"line":606,"column":17}},"221":{"start":{"line":608,"column":4},"end":{"line":608,"column":36}},"222":{"start":{"line":609,"column":4},"end":{"line":613,"column":5}},"223":{"start":{"line":610,"column":6},"end":{"line":610,"column":33}},"224":{"start":{"line":611,"column":6},"end":{"line":611,"column":28}},"225":{"start":{"line":612,"column":6},"end":{"line":612,"column":31}},"226":{"start":{"line":614,"column":4},"end":{"line":614,"column":15}},"227":{"start":{"line":616,"column":2},"end":{"line":618,"column":5}},"228":{"start":{"line":617,"column":4},"end":{"line":617,"column":44}},"229":{"start":{"line":619,"column":2},"end":{"line":619,"column":33}},"230":{"start":{"line":623,"column":0},"end":{"line":633,"column":1}},"231":{"start":{"line":624,"column":2},"end":{"line":624,"column":16}},"232":{"start":{"line":625,"column":2},"end":{"line":631,"column":3}},"233":{"start":{"line":627,"column":4},"end":{"line":627,"column":50}},"234":{"start":{"line":628,"column":9},"end":{"line":631,"column":3}},"235":{"start":{"line":630,"column":4},"end":{"line":630,"column":33}},"236":{"start":{"line":632,"column":2},"end":{"line":632,"column":19}},"237":{"start":{"line":635,"column":0},"end":{"line":635,"column":34}},"238":{"start":{"line":636,"column":0},"end":{"line":636,"column":24}}},"branchMap":{"1":{"line":26,"type":"binary-expr","locations":[{"start":{"line":26,"column":16},"end":{"line":26,"column":20}},{"start":{"line":26,"column":24},"end":{"line":26,"column":26}}]},"2":{"line":29,"type":"if","locations":[{"start":{"line":29,"column":2},"end":{"line":29,"column":2}},{"start":{"line":29,"column":2},"end":{"line":29,"column":2}}]},"3":{"line":29,"type":"binary-expr","locations":[{"start":{"line":29,"column":5},"end":{"line":29,"column":25}},{"start":{"line":29,"column":29},"end":{"line":29,"column":54}}]},"4":{"line":46,"type":"binary-expr","locations":[{"start":{"line":46,"column":21},"end":{"line":46,"column":33}},{"start":{"line":46,"column":37},"end":{"line":46,"column":48}}]},"5":{"line":47,"type":"binary-expr","locations":[{"start":{"line":47,"column":21},"end":{"line":47,"column":33}},{"start":{"line":47,"column":37},"end":{"line":47,"column":41}}]},"6":{"line":48,"type":"binary-expr","locations":[{"start":{"line":48,"column":21},"end":{"line":48,"column":35}},{"start":{"line":48,"column":39},"end":{"line":48,"column":41}}]},"7":{"line":49,"type":"binary-expr","locations":[{"start":{"line":49,"column":21},"end":{"line":49,"column":35}},{"start":{"line":49,"column":39},"end":{"line":49,"column":41}}]},"8":{"line":50,"type":"cond-expr","locations":[{"start":{"line":50,"column":39},"end":{"line":50,"column":53}},{"start":{"line":50,"column":56},"end":{"line":50,"column":82}}]},"9":{"line":52,"type":"cond-expr","locations":[{"start":{"line":52,"column":57},"end":{"line":52,"column":75}},{"start":{"line":52,"column":78},"end":{"line":52,"column":80}}]},"10":{"line":53,"type":"binary-expr","locations":[{"start":{"line":53,"column":21},"end":{"line":53,"column":37}},{"start":{"line":53,"column":41},"end":{"line":53,"column":46}}]},"11":{"line":54,"type":"binary-expr","locations":[{"start":{"line":54,"column":23},"end":{"line":54,"column":44}},{"start":{"line":54,"column":48},"end":{"line":54,"column":49}}]},"12":{"line":55,"type":"binary-expr","locations":[{"start":{"line":55,"column":21},"end":{"line":55,"column":39}},{"start":{"line":55,"column":43},"end":{"line":55,"column":44}}]},"13":{"line":56,"type":"binary-expr","locations":[{"start":{"line":56,"column":29},"end":{"line":56,"column":56}},{"start":{"line":56,"column":60},"end":{"line":56,"column":64}}]},"14":{"line":57,"type":"cond-expr","locations":[{"start":{"line":57,"column":40},"end":{"line":57,"column":60}},{"start":{"line":57,"column":63},"end":{"line":57,"column":77}}]},"15":{"line":61,"type":"if","locations":[{"start":{"line":61,"column":2},"end":{"line":61,"column":2}},{"start":{"line":61,"column":2},"end":{"line":61,"column":2}}]},"16":{"line":61,"type":"binary-expr","locations":[{"start":{"line":61,"column":5},"end":{"line":61,"column":21}},{"start":{"line":61,"column":25},"end":{"line":61,"column":47}}]},"17":{"line":65,"type":"if","locations":[{"start":{"line":65,"column":2},"end":{"line":65,"column":2}},{"start":{"line":65,"column":2},"end":{"line":65,"column":2}}]},"18":{"line":66,"type":"if","locations":[{"start":{"line":66,"column":4},"end":{"line":66,"column":4}},{"start":{"line":66,"column":4},"end":{"line":66,"column":4}}]},"19":{"line":69,"type":"if","locations":[{"start":{"line":69,"column":9},"end":{"line":69,"column":9}},{"start":{"line":69,"column":9},"end":{"line":69,"column":9}}]},"20":{"line":71,"type":"if","locations":[{"start":{"line":71,"column":6},"end":{"line":71,"column":6}},{"start":{"line":71,"column":6},"end":{"line":71,"column":6}}]},"21":{"line":79,"type":"if","locations":[{"start":{"line":79,"column":2},"end":{"line":79,"column":2}},{"start":{"line":79,"column":2},"end":{"line":79,"column":2}}]},"22":{"line":79,"type":"binary-expr","locations":[{"start":{"line":79,"column":6},"end":{"line":79,"column":22}},{"start":{"line":79,"column":26},"end":{"line":79,"column":46}}]},"23":{"line":83,"type":"if","locations":[{"start":{"line":83,"column":2},"end":{"line":83,"column":2}},{"start":{"line":83,"column":2},"end":{"line":83,"column":2}}]},"24":{"line":118,"type":"if","locations":[{"start":{"line":118,"column":2},"end":{"line":118,"column":2}},{"start":{"line":118,"column":2},"end":{"line":118,"column":2}}]},"25":{"line":118,"type":"binary-expr","locations":[{"start":{"line":118,"column":6},"end":{"line":118,"column":25}},{"start":{"line":118,"column":29},"end":{"line":118,"column":43}}]},"26":{"line":133,"type":"binary-expr","locations":[{"start":{"line":133,"column":21},"end":{"line":133,"column":27}},{"start":{"line":133,"column":31},"end":{"line":133,"column":33}}]},"27":{"line":186,"type":"if","locations":[{"start":{"line":186,"column":2},"end":{"line":186,"column":2}},{"start":{"line":186,"column":2},"end":{"line":186,"column":2}}]},"28":{"line":188,"type":"if","locations":[{"start":{"line":188,"column":4},"end":{"line":188,"column":4}},{"start":{"line":188,"column":4},"end":{"line":188,"column":4}}]},"29":{"line":191,"type":"if","locations":[{"start":{"line":191,"column":9},"end":{"line":191,"column":9}},{"start":{"line":191,"column":9},"end":{"line":191,"column":9}}]},"30":{"line":198,"type":"binary-expr","locations":[{"start":{"line":198,"column":15},"end":{"line":198,"column":22}},{"start":{"line":198,"column":26},"end":{"line":198,"column":28}}]},"31":{"line":200,"type":"if","locations":[{"start":{"line":200,"column":2},"end":{"line":200,"column":2}},{"start":{"line":200,"column":2},"end":{"line":200,"column":2}}]},"32":{"line":202,"type":"if","locations":[{"start":{"line":202,"column":4},"end":{"line":202,"column":4}},{"start":{"line":202,"column":4},"end":{"line":202,"column":4}}]},"33":{"line":206,"type":"if","locations":[{"start":{"line":206,"column":2},"end":{"line":206,"column":2}},{"start":{"line":206,"column":2},"end":{"line":206,"column":2}}]},"34":{"line":211,"type":"if","locations":[{"start":{"line":211,"column":2},"end":{"line":211,"column":2}},{"start":{"line":211,"column":2},"end":{"line":211,"column":2}}]},"35":{"line":211,"type":"binary-expr","locations":[{"start":{"line":211,"column":6},"end":{"line":211,"column":10}},{"start":{"line":211,"column":14},"end":{"line":211,"column":33}}]},"36":{"line":214,"type":"if","locations":[{"start":{"line":214,"column":2},"end":{"line":214,"column":2}},{"start":{"line":214,"column":2},"end":{"line":214,"column":2}}]},"37":{"line":219,"type":"if","locations":[{"start":{"line":219,"column":2},"end":{"line":219,"column":2}},{"start":{"line":219,"column":2},"end":{"line"
[...]
ring|Array} The stat(s) to send"," * @param value The value to send"," * @param sampleRate {Number=} The Number of times to sample (0 to 1). Optional."," * @param tags {Array=} The Array of tags to add to metrics. Optional."," * @param callback {Function=} Callback when message is done being delivered. Optional."," */","Client.prototype.increment = function (stat, value, sampleRate, tags, callback) {","  // we explicitly check for undefined and null (and don't do a \"! value\" check)","  // so that 0 values are allowed and sent through as-is","  if (value === undefined || value === null) {","    value = 1;","  }","  this.sendAll(stat, value, 'c', sampleRate, tags, callback);","};","","/**"," * Decrements a stat by a specified amount"," * @param stat {String|Array} The stat(s) to send"," * @param value The value to send"," * @param sampleRate {Number=} The Number of times to sample (0 to 1). Optional."," * @param tags {Array=} The Array of tags to add to metrics. Optional."," * @param callback {Function=} Callback when message is done being delivered. Optional."," */","Client.prototype.decrement = function (stat, value, sampleRate, tags, callback) {","  this.sendAll(stat, -value || -1, 'c', sampleRate, tags, callback);","};","","/**"," * Represents the histogram stat"," * @param stat {String|Array} The stat(s) to send"," * @param value The value to send"," * @param sampleRate {Number=} The Number of times to sample (0 to 1). Optional."," * @param tags {Array=} The Array of tags to add to metrics. Optional."," * @param callback {Function=} Callback when message is done being delivered. Optional."," */","Client.prototype.histogram = function (stat, value, sampleRate, tags, callback) {","  this.sendAll(stat, value, 'h', sampleRate, tags, callback);","};","","","/**"," * Gauges a stat by a specified amount"," * @param stat {String|Array} The stat(s) to send"," * @param value The value to send"," * @param sampleRate {Number=} The Number of times to sample (0 to 1). Optional."," * @param tags {Array=} The Array of tags to add to metrics. Optional."," * @param callback {Function=} Callback when message is done being delivered. Optional."," */","Client.prototype.gauge = function (stat, value, sampleRate, tags, callback) {","  this.sendAll(stat, value, 'g', sampleRate, tags, callback);","};","","/**"," * Counts unique values by a specified amount"," * @param stat {String|Array} The stat(s) to send"," * @param value The value to send"," * @param sampleRate {Number=} The Number of times to sample (0 to 1). Optional."," * @param tags {Array=} The Array of tags to add to metrics. Optional."," * @param callback {Function=} Callback when message is done being delivered. Optional."," */","Client.prototype.unique =","Client.prototype.set = function (stat, value, sampleRate, tags, callback) {","  this.sendAll(stat, value, 's', sampleRate, tags, callback);","};","","/**"," * Send a service check"," * @param name {String} The name of the service check"," * @param status {Number=} The status of the service check (0 to 3)."," * @param options"," *   @option date_happened {Date} Assign a timestamp to the event. Default is now."," *   @option hostname {String} Assign a hostname to the check."," *   @option message {String} Assign a message to the check."," * @param tags {Array=} The Array of tags to add to the check. Optional."," * @param callback {Function=} Callback when message is done being delivered. Optional."," */","Client.prototype.check = function(name, status, options, tags, callback) {","  if (this.telegraf) {","    var err = new Error('Not supported by Telegraf / InfluxDB');","    if (callback) {","      return callback(err);","    }","    else if (this.errorHandler) {","      return this.errorHandler(err);","    }","","    throw err;","  }","  var check = ['_sc', name, status],","    metadata = options || {};","","  if (metadata.date_happened) {","    var timestamp = formatDate(metadata.date_happened);","    if (timestamp) {","      check.push('d:' + timestamp);","    }","  }","  if (metadata.hostname) {","    check.push('h:' + metadata.hostname);","  }","","  var mergedTags = this.globalTags;","  if (tags && Array.isArray(tags)) {","    mergedTags = overrideTags(mergedTags, tags);","  }","  if (mergedTags.length > 0) {","    check.push('#' + mergedTags.join(','));","  }","","  // message has to be the last part of a service check","  if (metadata.message) {","    check.push('m:' + metadata.message);","  }","","  // allow for tags to be omitted and callback to be used in its place","  if(typeof tags === 'function' && callback === undefined) {","    callback = tags;","  }","","  var message = check.join('|');","  // Service checks are unique in that message has to be the last element in","  // the stat if provided, so we can't append tags like other checks. This","  // directly calls the `_send` method to avoid appending tags, since we've","  // already added them.","  this._send(message, callback);","};","","/**"," * Send on an event"," * @param title {String} The title of the event"," * @param text {String} The description of the event.  Optional- title is used if not given."," * @param options"," *   @option date_happened {Date} Assign a timestamp to the event. Default is now."," *   @option hostname {String} Assign a hostname to the event."," *   @option aggregation_key {String} Assign an aggregation key to the event, to group it with some others."," *   @option priority {String} Can be ‘normal’ or ‘low’. Default is 'normal'."," *   @option source_type_name {String} Assign a source type to the event."," *   @option alert_type {String} Can be ‘error’, ‘warning’, ‘info’ or ‘success’. Default is 'info'."," * @param tags {Array=} The Array of tags to add to metrics. Optional."," * @param callback {Function=} Callback when message is done being delivered. Optional."," */","Client.prototype.event = function(title, text, options, tags, callback) {","  if (this.telegraf) {","    var err = new Error('Not supported by Telegraf / InfluxDB');","    if (callback) {","      return callback(err);","    }","    else if (this.errorHandler) {","      return this.errorHandler(err);","    }","","    throw err;","  }","","  // Convert to strings","  var message,","      msgTitle = String(title ? title : ''),","      msgText = String(text ? text : msgTitle);","  // Escape new lines (unescaping is supported by DataDog)","  msgText = msgText.replace(/\\n/g, '\\\\n');","","  // start out the message with the event-specific title and text info","  message = '_e{' + msgTitle.length + ',' + msgText.length + '}:' + msgTitle + '|' + msgText;","","  // add in the event-specific options","  if (options) {","    if (options.date_happened) {","      var timestamp = formatDate(options.date_happened);","      if (timestamp) {","        message += '|d:' + timestamp;","      }","    }","    if (options.hostname) {","      message += '|h:' + options.hostname;","    }","    if (options.aggregation_key) {","      message += '|k:' + options.aggregation_key;","    }","    if (options.priority) {","      message += '|p:' + options.priority;","    }","    if (options.source_type_name) {","      message += '|s:' + options.source_type_name;","    }","    if (options.alert_type) {","      message += '|t:' + options.alert_type;","    }","  }","","  // allow for tags to be omitted and callback to be used in its place","  if(typeof tags === 'function' && callback === undefined) {","    callback = tags;","  }","","  this.send(message, tags, callback);","};","","/**"," * Checks if stats is an array and sends all stats calling back once all have sent"," * @param stat {String|Array} The stat(s) to send"," * @param value The value to send"," * @param type The type of the metric"," * @param sampleRate {Number=} The Number of times to sample (0 to 1). Optional."," * @param tags {Array=} The Array of tags to add to metrics. Optional."," * @param callback {Function=} Callback when message is done being delivered. Optional."," */","Client.prototype.sendAll = function(stat, value, type, sampleRate, tags, callback){","  var completed = 0,","      calledback = false,","      sentBytes = 0,","      self = this;","","  if(sampleRate && typeof sampleRate !== 'number'){","    callback = tags;","    tags = sampleRate;","    sampleRate = undefined;","  }","","  if(tags && !Array.isArray(tags)){","    callback = tags;","    tags = undefined;","  }","","  /**","   * Gets called once for each callback, when all callbacks return we will","   * call back from the function","   * @private","   */","  function onSend(error, bytes){","    completed += 1;","    if(calledback){","      return;","    }","","    if(error){","      if (typeof callback === 'function') {","        calledback = true;","        callback(error);","      }","      else if (self.errorHandler) {","        calledback = true;","        self.errorHandler(error);","      }","      return;","    }","","    sentBytes += bytes;","    if(completed === stat.length && typeof callback === 'function'){","      callback(null, sentBytes);","    }","  }","","  if(Array.isArray(stat)){","    stat.forEach(function(item){","      self.sendStat(item, value, type, sampleRate, tags, onSend);","    });","  } else {","    this.sendStat(stat, value, type, sampleRate, tags, callback);","  }","};","","/**"," * Sends a stat across the wire"," * @param stat {String|Array} The stat(s) to send"," * @param value The value to send"," * @param type {String} The type of message to send to statsd"," * @param sampleRate {Number} The Number of times to sample (0 to 1)"," * @param tags {Array} The Array of tags to add to metrics"," * @param callback {Function=} Callback when message is done being delivered. Optional."," */","Client.prototype.sendStat = function (stat, value, type, sampleRate, tags, callback) {","  var message = this.prefix + stat + this.suffix + ':' + value + '|' + type;","","  sampleRate = sampleRate || this.sampleRate;","  if(sampleRate && sampleRate < 1){","    if(Math.random() < sampleRate){","      message += '|@' + sampleRate;","    } else {","      //don't want to send if we don't meet the sample ratio","      return callback ? callback() : undefined;","    }","  }","  this.send(message, tags, callback);","};","","/**"," * Send a stat or event across the wire"," * @param message {String} The constructed message without tags"," * @param tags {Array} The tags to include (along with global tags). Optional."," * @param callback {Function=} Callback when message is done being delivered (only if maxBufferSize == 0). Optional."," */","Client.prototype.send = function (message, tags, callback) {","  var mergedTags = this.globalTags;","  if(tags && Array.isArray(tags)){","    mergedTags = overrideTags(mergedTags, tags);","  }","  if(mergedTags.length > 0){","    if (this.telegraf) {","      message = message.split(':');","      message = message[0] + ',' + mergedTags.join(',').replace(/:/g, '=') + ':' + message.slice(1).join(':');","    } else {","      message += '|#' + mergedTags.join(',');","    }","  }","  this._send(message, callback);","};","","/**"," * Send a stat or event across the wire"," * @param message {String} The constructed message without tags"," * @param callback {Function=} Callback when message is done being delivered (only if maxBufferSize == 0). Optional."," */","Client.prototype._send = function (message, callback) {","  // we may have a cached error rather than a cached lookup, so","  // throw it on","  if (this.dnsError) {","    if (callback) {","      return callback(this.dnsError);","    }","    else if (this.errorHandler) {","      return this.errorHandler(this.dnsError);","    }","    throw this.dnsError;","  }","","  // Only send this stat if we're not a mock Client.","  if(!this.mock) {","    if(this.maxBufferSize === 0) {","      this.sendMessage(message, callback);","    }","    else {","      this.enqueue(message, callback);","    }","  }","  else {","    if(typeof callback === 'function'){","      callback(null, 0);","    }","  }","};","","/**"," * Add the message to the buffer and flush the buffer if needed"," *"," * @param message {String} The constructed message without tags"," */","Client.prototype.enqueue = function(message, callback){","  message += \"\\n\";","","  if (this.bufferHolder.buffer.length + message.length > this.maxBufferSize) {","    this.flushQueue(callback);","    this.bufferHolder.buffer += message;","  }","  else {","    this.bufferHolder.buffer += message;","    if (callback) {","      callback(null);","    }","  }","};","","/**"," * Flush the buffer, sending on the messages"," */","Client.prototype.flushQueue = function(callback){","  this.sendMessage(this.bufferHolder.buffer, callback);","  this.bufferHolder.buffer = \"\";","};","","/**"," * Send on the message through the socket"," *"," * @param message {String} The constructed message without tags"," * @param callback {Function=} Callback when message is done being delivered. Optional."," */","Client.prototype.sendMessage = function(message, callback){","  // Guard against \"RangeError: Offset into buffer too large\" in node 0.10","  // https://github.com/nodejs/node-v0.x-archive/issues/7884","  if (message === \"\") {","    if (callback) {","      callback(null);","    }","    return;","  }","  var buf = new Buffer(message);","  try {","    this.socket.send(buf, 0, buf.length, this.port, this.host, callback);","  }","  catch(err) {","    var errMessage = 'Error sending hot-shots message: ' + err;","    if (callback) {","      callback(new Error(errMessage));","    }","    else if (this.errorHandler) {","      this.errorHandler(new Error(errMessage));","    }","    else {","      console.log(errMessage);","    }","  }","};","","/**"," * Called every bufferFlushInterval to flush any buffer that is around"," */","Client.prototype.onBufferFlushInterval = function() {","  this.flushQueue();","};","","/**"," * Close the underlying socket and stop listening for data on it."," */","Client.prototype.close = function(callback){","  if(this.intervalHandle) {","    clearInterval(this.intervalHandle);","  }","","  this.flushQueue();","","  if (callback) {","    // use the close event rather than adding a callback to close()","    // because that API is not available in older Node versions","    this.socket.on('close', callback);","  }","","  try {","    this.socket.close();","  }","  catch (err) {","    var errMessage = 'Error closing hot-shots socket: ' + err;","    if (callback) {","      callback(new Error(errMessage));","    }","    else if (this.errorHandler) {","      this.errorHandler(new Error(errMessage));","    }","    else {","      console.log(errMessage);","    }","  }","};","","var ChildClient = function (parent, options) {","  options = options || {};","  Client.call(this, {","    isChild     : true,","    socket      : parent.socket, // Child inherits socket from parent. Parent itself can be a child.","    // All children and parent share the same buffer via sharing an object (cannot mutate strings)","    bufferHolder: parent.bufferHolder,","    dnsError    : parent.dnsError, // Child inherits an error from parent (if it is there)","    errorHandler: options.errorHandler || parent.errorHandler, // Handler for callback errors","","    host        : parent.host,","    port        : parent.port,","    prefix      : (options.prefix || '') + parent.prefix, // Child has its prefix prepended to parent's prefix","    suffix      : parent.suffix + (options.suffix || ''), // Child has its suffix appended to parent's suffix","    globalize   : false, // Only \"root\" client can be global","    mock        : parent.mock,","    // Append child's tags to parent's tags","    globalTags  : Array.isArray(options.globalTags) ?","        overrideTags(parent.globalTags, options.globalTags) : parent.globalTags,","    maxBufferSize : parent.maxBufferSize,","    bufferFlushInterval: parent.bufferFlushInterval,","    telegraf    : parent.telegraf","  });","};","util.inherits(ChildClient, Client);","","/**"," * Creates a child client that adds prefix, suffix and/or tags to this client. Child client can itself have children."," * @param options"," *   @option prefix      {String}  An optional prefix to assign to each stat name sent"," *   @option suffix      {String}  An optional suffix to assign to each stat name sent"," *   @option globalTags {Array=} Optional tags that will be added to every metric"," */","Client.prototype.childClient = function(options) {","  return new ChildClient(this, options);","};","","/**"," * Overrides tags in parent with tags from child with the same name (case sensitive) and return the result as new"," * array. parent and child are not mutated."," */","function overrideTags (parent, child) {","  var childCopy = {};","  var toAppend = [];","  child.forEach(function (tag) {","    var idx = typeof tag === 'string' ? tag.indexOf(':') : -1;","    if (idx < 1) { // Not found or first character","      toAppend.push(tag);","    } else {","      childCopy[tag.substring(0, idx)] = tag.substring(idx + 1);","    }","  });","  var result = parent.map(function (tag) {","    var idx = typeof tag === 'string' ? tag.indexOf(':') : -1;","    if (idx < 1) { // Not found or first character","      return tag;","    }","    var key = tag.substring(0, idx);","    if (childCopy.hasOwnProperty(key)) {","      var value = childCopy[key];","      delete childCopy[key];","      return key + ':' + value;","    }","    return tag;","  });","  Object.keys(childCopy).forEach(function (key) {","    result.push(key + ':' + childCopy[key]);","  });","  return result.concat(toAppend);","}","","// Formats a date for use with DataDog","function formatDate(date) {","  var timestamp;","  if (date instanceof Date) {","    // Datadog expects seconds.","    timestamp = Math.round(date.getTime() / 1000);","  } else if (date instanceof Number) {","    // Make sure it is an integer, not a float.","    timestamp = Math.round(date);","  }","  return timestamp;","}","","exports = module.exports = Client;","exports.StatsD = Client;",""],"l":{"3":1,"24":1,"26":0,"29":0,"30":0,"46":0,"47":0,"48":0,"49":0,"50":0,"51":0,"52":0,"53":0,"54":0,"55":0,"56":0,"57":0,"58":0,"61":0,"62":0,"65":0,"66":0,"67":0,"69":0,"70":0,"71":0,"72":0,"74":0,"79":0,"80":0,"83":0,"84":0,"87":0,"103":1,"104":0,"115":1,"118":0,"119":0,"121":0,"132":1,"133":0,"144":1,"145":0,"157":1,"158":0,"169":1,"171":0,"185":1,"186":0,"187":0,"188":0,"189":0,"191":0,"192":0,"195":0,"197":0,"200":0,"201":0,"202":0,"203":0,"206":0,"207":0,"210":0,"211":0,"212":0,"214":0,"215":0,"219":0,"220":0,"224":0,"225":0,"228":0,"233":0,"250":1,"251":0,"252":0,"253":0,"254":0,"256":0,"257":0,"260":0,"264":0,"268":0,"271":0,"274":0,"275":0,"276":0,"277":0,"278":0,"281":0,"282":0,"284":0,"285":0,"287":0,"288":0,"290":0,"291":0,"293":0,"294":0,"299":0,"300":0,"303":0,"315":1,"316":0,"321":0,"322":0,"323":0,"324":0,"327":0,"328":0,"329":0,"337":1,"338":0,"339":0,"340":0,"343":0,"344":0,"345":0,"346":0,"348":0,"349":0,"350":0,"352":0,"355":0,"356":0,"357":0,"361":0,"362":0,"363":0,"366":0,"379":1,"380":0,"382":0,"383":0,"384":0,"385":0,"388":0,"391":0,"400":1,"401":0,"402":0,"403":0,"405":0,"406":0,"407":0,"408":0,"410":0,"413":0,"421":1,"424":0,"425":0,"426":0,"428":0,"429":0,"431":0,"435":0,"436":0,"437":0,"440":0,"444":0,"445":0,"455":1,"456":0,"458":0,"459":0,"460":0,"463":0,"464":0,"465":0,"473":1,"474":0,"475":0,"484":1,"487":0,"488":0,"489":0,"491":0,"493":0,"494":0,"495":0,"498":0,"499":0,"500":0,"502":0,"503":0,"506":0,"514":1,"515":0,"521":1,"522":0,"523":0,"526":0,"528":0,"531":0,"534":0,"535":0,"538":0,"539":0,"540":0,"542":0,"543":0,"546":0,"551":1,"552":0,"553":0,"575":1,"584":1,"585":0,"592":1,"593":0,"594":0,"595":0,"596":0,"597":0,"598":0,"600":0,"603":0,"604":0,"605":0,"606":0,"608":0,"609":0,"610":0,"611":0,"612":0,"614":0,"616":0,"617":0,"619":0,"623":1,"624":0,"625":0,"627":0,"628":0,"630":0,"632":0,"635":1,"636":1}}}